<?xml version="1.0" encoding="UTF-8"?>
<testng-results skipped="16" failed="0" ignored="21" total="37" passed="0">
  <reporter-output>
  </reporter-output>
  <suite name="Default Suite" duration-ms="289" started-at="2018-01-25T11:05:29Z" finished-at="2018-01-25T11:05:29Z">
    <groups>
      <group name="withContact">
        <method signature="ContactAddToGroupTests.testContactAddToGroup()[pri:0, instance:com.java4qa.addressbook.tests.ContactAddToGroupTests@fad74ee]" name="testContactAddToGroup" class="com.java4qa.addressbook.tests.ContactAddToGroupTests"/>
      </group> <!-- withContact -->
      <group name="withGroup">
        <method signature="ContactAddToGroupTests.testContactAddToGroup()[pri:0, instance:com.java4qa.addressbook.tests.ContactAddToGroupTests@fad74ee]" name="testContactAddToGroup" class="com.java4qa.addressbook.tests.ContactAddToGroupTests"/>
        <method signature="ContactCreationTests.testContactCreationFull(com.java4qa.addressbook.model.ContactData)[pri:0, instance:com.java4qa.addressbook.tests.ContactCreationTests@1a1d6a08]" name="testContactCreationFull" class="com.java4qa.addressbook.tests.ContactCreationTests"/>
      </group> <!-- withGroup -->
    </groups>
    <test name="java4qa" duration-ms="289" started-at="2018-01-25T11:05:29Z" finished-at="2018-01-25T11:05:29Z">
      <class name="com.java4qa.addressbook.tests.GroupCreationTests">
        <test-method status="SKIP" signature="testBadGroupCreation(com.java4qa.addressbook.model.GroupData)[pri:0, instance:com.java4qa.addressbook.tests.GroupCreationTests@9a7504c]" name="testBadGroupCreation" duration-ms="0" started-at="2018-01-25T13:05:29Z" data-provider="inValidGroupsXml" finished-at="2018-01-25T13:05:29Z">
          <exception class="org.hibernate.service.spi.ServiceException">
            <message>
              <![CDATA[Unable to create requested service [org.hibernate.engine.jdbc.env.spi.JdbcEnvironment]]]>
            </message>
            <full-stacktrace>
              <![CDATA[org.hibernate.service.spi.ServiceException: Unable to create requested service [org.hibernate.engine.jdbc.env.spi.JdbcEnvironment]at org.hibernate.service.internal.AbstractServiceRegistryImpl.createService(AbstractServiceRegistryImpl.java:271)at org.hibernate.service.internal.AbstractServiceRegistryImpl.initializeService(AbstractServiceRegistryImpl.java:233)at org.hibernate.service.internal.AbstractServiceRegistryImpl.getService(AbstractServiceRegistryImpl.java:210)at org.hibernate.engine.jdbc.internal.JdbcServicesImpl.configure(JdbcServicesImpl.java:51)at org.hibernate.boot.registry.internal.StandardServiceRegistryImpl.configureService(StandardServiceRegistryImpl.java:94)at org.hibernate.service.internal.AbstractServiceRegistryImpl.initializeService(AbstractServiceRegistryImpl.java:242)at org.hibernate.service.internal.AbstractServiceRegistryImpl.getService(AbstractServiceRegistryImpl.java:210)at org.hibernate.boot.model.process.spi.MetadataBuildingProcess.handleTypes(MetadataBuildingProcess.java:352)at org.hibernate.boot.model.process.spi.MetadataBuildingProcess.complete(MetadataBuildingProcess.java:111)at org.hibernate.boot.model.process.spi.MetadataBuildingProcess.build(MetadataBuildingProcess.java:83)at org.hibernate.boot.internal.MetadataBuilderImpl.build(MetadataBuilderImpl.java:418)at org.hibernate.boot.internal.MetadataBuilderImpl.build(MetadataBuilderImpl.java:87)at org.hibernate.boot.MetadataSources.buildMetadata(MetadataSources.java:179)at com.java4qa.addressbook.appmanager.DbHelper.<init>(DbHelper.java:28)at com.java4qa.addressbook.appmanager.ApplicationManager.init(ApplicationManager.java:36)at com.java4qa.addressbook.tests.TestBase.setUp(TestBase.java:37)at sun.reflect.NativeMethodAccessorImpl.invoke0(Native Method)at sun.reflect.NativeMethodAccessorImpl.invoke(NativeMethodAccessorImpl.java:62)at sun.reflect.DelegatingMethodAccessorImpl.invoke(DelegatingMethodAccessorImpl.java:43)at java.lang.reflect.Method.invoke(Method.java:498)at org.testng.internal.MethodInvocationHelper.invokeMethod(MethodInvocationHelper.java:124)at org.testng.internal.MethodInvocationHelper.invokeMethodConsideringTimeout(MethodInvocationHelper.java:59)at org.testng.internal.Invoker.invokeConfigurationMethod(Invoker.java:451)at org.testng.internal.Invoker.invokeConfigurations(Invoker.java:222)at org.testng.internal.Invoker.invokeConfigurations(Invoker.java:142)at org.testng.SuiteRunner.privateRun(SuiteRunner.java:401)at org.testng.SuiteRunner.run(SuiteRunner.java:364)at org.testng.SuiteRunnerWorker.runSuite(SuiteRunnerWorker.java:52)at org.testng.SuiteRunnerWorker.run(SuiteRunnerWorker.java:84)at org.testng.TestNG.runSuitesSequentially(TestNG.java:1187)at org.testng.TestNG.runSuitesLocally(TestNG.java:1116)at org.testng.TestNG.runSuites(TestNG.java:1028)at org.testng.TestNG.run(TestNG.java:996)at org.testng.IDEARemoteTestNG.run(IDEARemoteTestNG.java:72)at org.testng.RemoteTestNGStarter.main(RemoteTestNGStarter.java:123)Caused by: org.hibernate.exception.JDBCConnectionException: Error calling Driver#connectat org.hibernate.exception.internal.SQLStateConversionDelegate.convert(SQLStateConversionDelegate.java:115)at org.hibernate.engine.jdbc.connections.internal.BasicConnectionCreator$1$1.convert(BasicConnectionCreator.java:101)at org.hibernate.engine.jdbc.connections.internal.BasicConnectionCreator.convertSqlException(BasicConnectionCreator.java:123)at org.hibernate.engine.jdbc.connections.internal.DriverConnectionCreator.makeConnection(DriverConnectionCreator.java:41)at org.hibernate.engine.jdbc.connections.internal.BasicConnectionCreator.createConnection(BasicConnectionCreator.java:58)at org.hibernate.engine.jdbc.connections.internal.PooledConnections.addConnections(PooledConnections.java:123)at org.hibernate.engine.jdbc.connections.internal.PooledConnections.<init>(PooledConnections.java:42)at org.hibernate.engine.jdbc.connections.internal.PooledConnections.<init>(PooledConnections.java:20)at org.hibernate.engine.jdbc.connections.internal.PooledConnections$Builder.build(PooledConnections.java:161)at org.hibernate.engine.jdbc.connections.internal.DriverManagerConnectionProviderImpl.buildPool(DriverManagerConnectionProviderImpl.java:109)at org.hibernate.engine.jdbc.connections.internal.DriverManagerConnectionProviderImpl.configure(DriverManagerConnectionProviderImpl.java:72)at org.hibernate.boot.registry.internal.StandardServiceRegistryImpl.configureService(StandardServiceRegistryImpl.java:94)at org.hibernate.service.internal.AbstractServiceRegistryImpl.initializeService(AbstractServiceRegistryImpl.java:242)at org.hibernate.service.internal.AbstractServiceRegistryImpl.getService(AbstractServiceRegistryImpl.java:210)at org.hibernate.engine.jdbc.env.internal.JdbcEnvironmentInitiator.buildJdbcConnectionAccess(JdbcEnvironmentInitiator.java:145)at org.hibernate.engine.jdbc.env.internal.JdbcEnvironmentInitiator.initiateService(JdbcEnvironmentInitiator.java:66)at org.hibernate.engine.jdbc.env.internal.JdbcEnvironmentInitiator.initiateService(JdbcEnvironmentInitiator.java:35)at org.hibernate.boot.registry.internal.StandardServiceRegistryImpl.initiateService(StandardServiceRegistryImpl.java:88)at org.hibernate.service.internal.AbstractServiceRegistryImpl.createService(AbstractServiceRegistryImpl.java:259)... 34 moreCaused by: com.mysql.jdbc.exceptions.jdbc4.CommunicationsException: Communications link failureThe last packet sent successfully to the server was 0 milliseconds ago. The driver has not received any packets from the server.at sun.reflect.NativeConstructorAccessorImpl.newInstance0(Native Method)at sun.reflect.NativeConstructorAccessorImpl.newInstance(NativeConstructorAccessorImpl.java:62)at sun.reflect.DelegatingConstructorAccessorImpl.newInstance(DelegatingConstructorAccessorImpl.java:45)at java.lang.reflect.Constructor.newInstance(Constructor.java:423)at com.mysql.jdbc.Util.handleNewInstance(Util.java:425)at com.mysql.jdbc.SQLError.createCommunicationsException(SQLError.java:990)at com.mysql.jdbc.MysqlIO.<init>(MysqlIO.java:341)at com.mysql.jdbc.ConnectionImpl.coreConnect(ConnectionImpl.java:2186)at com.mysql.jdbc.ConnectionImpl.connectOneTryOnly(ConnectionImpl.java:2219)at com.mysql.jdbc.ConnectionImpl.createNewIO(ConnectionImpl.java:2014)at com.mysql.jdbc.ConnectionImpl.<init>(ConnectionImpl.java:776)at com.mysql.jdbc.JDBC4Connection.<init>(JDBC4Connection.java:47)at sun.reflect.NativeConstructorAccessorImpl.newInstance0(Native Method)at sun.reflect.NativeConstructorAccessorImpl.newInstance(NativeConstructorAccessorImpl.java:62)at sun.reflect.DelegatingConstructorAccessorImpl.newInstance(DelegatingConstructorAccessorImpl.java:45)at java.lang.reflect.Constructor.newInstance(Constructor.java:423)at com.mysql.jdbc.Util.handleNewInstance(Util.java:425)at com.mysql.jdbc.ConnectionImpl.getInstance(ConnectionImpl.java:386)at com.mysql.jdbc.NonRegisteringDriver.connect(NonRegisteringDriver.java:330)at org.hibernate.engine.jdbc.connections.internal.DriverConnectionCreator.makeConnection(DriverConnectionCreator.java:38)... 49 moreCaused by: java.net.ConnectException: Connection refused (Connection refused)at java.net.PlainSocketImpl.socketConnect(Native Method)at java.net.AbstractPlainSocketImpl.doConnect(AbstractPlainSocketImpl.java:350)at java.net.AbstractPlainSocketImpl.connectToAddress(AbstractPlainSocketImpl.java:206)at java.net.AbstractPlainSocketImpl.connect(AbstractPlainSocketImpl.java:188)at java.net.SocksSocketImpl.connect(SocksSocketImpl.java:392)at java.net.Socket.connect(Socket.java:589)at com.mysql.jdbc.StandardSocketFactory.connect(StandardSocketFactory.java:211)at com.mysql.jdbc.MysqlIO.<init>(MysqlIO.java:300)... 62 more]]>
            </full-stacktrace>
          </exception> <!-- org.hibernate.service.spi.ServiceException -->
          <reporter-output>
          </reporter-output>
        </test-method> <!-- testBadGroupCreation -->
        <test-method status="PASS" signature="logTestStop(java.lang.reflect.Method)[pri:0, instance:com.java4qa.addressbook.tests.GroupCreationTests@9a7504c]" name="logTestStop" is-config="true" duration-ms="1" started-at="2018-01-25T13:05:29Z" finished-at="2018-01-25T13:05:29Z">
          <params>
            <param index="0">
              <value>
                <![CDATA[public void com.java4qa.addressbook.tests.GroupCreationTests.testBadGroupCreation(com.java4qa.addressbook.model.GroupData)]]>
              </value>
            </param>
          </params>
          <reporter-output>
          </reporter-output>
        </test-method> <!-- logTestStop -->
        <test-method status="SKIP" signature="logTestStart(java.lang.reflect.Method, [Ljava.lang.Object;)[pri:0, instance:com.java4qa.addressbook.tests.GroupCreationTests@9a7504c]" name="logTestStart" is-config="true" duration-ms="0" started-at="2018-01-25T13:05:29Z" finished-at="2018-01-25T13:05:29Z">
          <reporter-output>
          </reporter-output>
        </test-method> <!-- logTestStart -->
        <test-method status="SKIP" signature="logTestStart(java.lang.reflect.Method, [Ljava.lang.Object;)[pri:0, instance:com.java4qa.addressbook.tests.GroupCreationTests@9a7504c]" name="logTestStart" is-config="true" duration-ms="0" started-at="2018-01-25T13:05:29Z" finished-at="2018-01-25T13:05:29Z">
          <reporter-output>
          </reporter-output>
        </test-method> <!-- logTestStart -->
        <test-method status="SKIP" signature="testGroupCreation(com.java4qa.addressbook.model.GroupData)[pri:0, instance:com.java4qa.addressbook.tests.GroupCreationTests@9a7504c]" name="testGroupCreation" duration-ms="0" started-at="2018-01-25T13:05:29Z" data-provider="validGroupsFromJson" finished-at="2018-01-25T13:05:29Z">
          <exception class="org.hibernate.service.spi.ServiceException">
            <message>
              <![CDATA[Unable to create requested service [org.hibernate.engine.jdbc.env.spi.JdbcEnvironment]]]>
            </message>
            <full-stacktrace>
              <![CDATA[org.hibernate.service.spi.ServiceException: Unable to create requested service [org.hibernate.engine.jdbc.env.spi.JdbcEnvironment]at org.hibernate.service.internal.AbstractServiceRegistryImpl.createService(AbstractServiceRegistryImpl.java:271)at org.hibernate.service.internal.AbstractServiceRegistryImpl.initializeService(AbstractServiceRegistryImpl.java:233)at org.hibernate.service.internal.AbstractServiceRegistryImpl.getService(AbstractServiceRegistryImpl.java:210)at org.hibernate.engine.jdbc.internal.JdbcServicesImpl.configure(JdbcServicesImpl.java:51)at org.hibernate.boot.registry.internal.StandardServiceRegistryImpl.configureService(StandardServiceRegistryImpl.java:94)at org.hibernate.service.internal.AbstractServiceRegistryImpl.initializeService(AbstractServiceRegistryImpl.java:242)at org.hibernate.service.internal.AbstractServiceRegistryImpl.getService(AbstractServiceRegistryImpl.java:210)at org.hibernate.boot.model.process.spi.MetadataBuildingProcess.handleTypes(MetadataBuildingProcess.java:352)at org.hibernate.boot.model.process.spi.MetadataBuildingProcess.complete(MetadataBuildingProcess.java:111)at org.hibernate.boot.model.process.spi.MetadataBuildingProcess.build(MetadataBuildingProcess.java:83)at org.hibernate.boot.internal.MetadataBuilderImpl.build(MetadataBuilderImpl.java:418)at org.hibernate.boot.internal.MetadataBuilderImpl.build(MetadataBuilderImpl.java:87)at org.hibernate.boot.MetadataSources.buildMetadata(MetadataSources.java:179)at com.java4qa.addressbook.appmanager.DbHelper.<init>(DbHelper.java:28)at com.java4qa.addressbook.appmanager.ApplicationManager.init(ApplicationManager.java:36)at com.java4qa.addressbook.tests.TestBase.setUp(TestBase.java:37)at sun.reflect.NativeMethodAccessorImpl.invoke0(Native Method)at sun.reflect.NativeMethodAccessorImpl.invoke(NativeMethodAccessorImpl.java:62)at sun.reflect.DelegatingMethodAccessorImpl.invoke(DelegatingMethodAccessorImpl.java:43)at java.lang.reflect.Method.invoke(Method.java:498)at org.testng.internal.MethodInvocationHelper.invokeMethod(MethodInvocationHelper.java:124)at org.testng.internal.MethodInvocationHelper.invokeMethodConsideringTimeout(MethodInvocationHelper.java:59)at org.testng.internal.Invoker.invokeConfigurationMethod(Invoker.java:451)at org.testng.internal.Invoker.invokeConfigurations(Invoker.java:222)at org.testng.internal.Invoker.invokeConfigurations(Invoker.java:142)at org.testng.SuiteRunner.privateRun(SuiteRunner.java:401)at org.testng.SuiteRunner.run(SuiteRunner.java:364)at org.testng.SuiteRunnerWorker.runSuite(SuiteRunnerWorker.java:52)at org.testng.SuiteRunnerWorker.run(SuiteRunnerWorker.java:84)at org.testng.TestNG.runSuitesSequentially(TestNG.java:1187)at org.testng.TestNG.runSuitesLocally(TestNG.java:1116)at org.testng.TestNG.runSuites(TestNG.java:1028)at org.testng.TestNG.run(TestNG.java:996)at org.testng.IDEARemoteTestNG.run(IDEARemoteTestNG.java:72)at org.testng.RemoteTestNGStarter.main(RemoteTestNGStarter.java:123)Caused by: org.hibernate.exception.JDBCConnectionException: Error calling Driver#connectat org.hibernate.exception.internal.SQLStateConversionDelegate.convert(SQLStateConversionDelegate.java:115)at org.hibernate.engine.jdbc.connections.internal.BasicConnectionCreator$1$1.convert(BasicConnectionCreator.java:101)at org.hibernate.engine.jdbc.connections.internal.BasicConnectionCreator.convertSqlException(BasicConnectionCreator.java:123)at org.hibernate.engine.jdbc.connections.internal.DriverConnectionCreator.makeConnection(DriverConnectionCreator.java:41)at org.hibernate.engine.jdbc.connections.internal.BasicConnectionCreator.createConnection(BasicConnectionCreator.java:58)at org.hibernate.engine.jdbc.connections.internal.PooledConnections.addConnections(PooledConnections.java:123)at org.hibernate.engine.jdbc.connections.internal.PooledConnections.<init>(PooledConnections.java:42)at org.hibernate.engine.jdbc.connections.internal.PooledConnections.<init>(PooledConnections.java:20)at org.hibernate.engine.jdbc.connections.internal.PooledConnections$Builder.build(PooledConnections.java:161)at org.hibernate.engine.jdbc.connections.internal.DriverManagerConnectionProviderImpl.buildPool(DriverManagerConnectionProviderImpl.java:109)at org.hibernate.engine.jdbc.connections.internal.DriverManagerConnectionProviderImpl.configure(DriverManagerConnectionProviderImpl.java:72)at org.hibernate.boot.registry.internal.StandardServiceRegistryImpl.configureService(StandardServiceRegistryImpl.java:94)at org.hibernate.service.internal.AbstractServiceRegistryImpl.initializeService(AbstractServiceRegistryImpl.java:242)at org.hibernate.service.internal.AbstractServiceRegistryImpl.getService(AbstractServiceRegistryImpl.java:210)at org.hibernate.engine.jdbc.env.internal.JdbcEnvironmentInitiator.buildJdbcConnectionAccess(JdbcEnvironmentInitiator.java:145)at org.hibernate.engine.jdbc.env.internal.JdbcEnvironmentInitiator.initiateService(JdbcEnvironmentInitiator.java:66)at org.hibernate.engine.jdbc.env.internal.JdbcEnvironmentInitiator.initiateService(JdbcEnvironmentInitiator.java:35)at org.hibernate.boot.registry.internal.StandardServiceRegistryImpl.initiateService(StandardServiceRegistryImpl.java:88)at org.hibernate.service.internal.AbstractServiceRegistryImpl.createService(AbstractServiceRegistryImpl.java:259)... 34 moreCaused by: com.mysql.jdbc.exceptions.jdbc4.CommunicationsException: Communications link failureThe last packet sent successfully to the server was 0 milliseconds ago. The driver has not received any packets from the server.at sun.reflect.NativeConstructorAccessorImpl.newInstance0(Native Method)at sun.reflect.NativeConstructorAccessorImpl.newInstance(NativeConstructorAccessorImpl.java:62)at sun.reflect.DelegatingConstructorAccessorImpl.newInstance(DelegatingConstructorAccessorImpl.java:45)at java.lang.reflect.Constructor.newInstance(Constructor.java:423)at com.mysql.jdbc.Util.handleNewInstance(Util.java:425)at com.mysql.jdbc.SQLError.createCommunicationsException(SQLError.java:990)at com.mysql.jdbc.MysqlIO.<init>(MysqlIO.java:341)at com.mysql.jdbc.ConnectionImpl.coreConnect(ConnectionImpl.java:2186)at com.mysql.jdbc.ConnectionImpl.connectOneTryOnly(ConnectionImpl.java:2219)at com.mysql.jdbc.ConnectionImpl.createNewIO(ConnectionImpl.java:2014)at com.mysql.jdbc.ConnectionImpl.<init>(ConnectionImpl.java:776)at com.mysql.jdbc.JDBC4Connection.<init>(JDBC4Connection.java:47)at sun.reflect.NativeConstructorAccessorImpl.newInstance0(Native Method)at sun.reflect.NativeConstructorAccessorImpl.newInstance(NativeConstructorAccessorImpl.java:62)at sun.reflect.DelegatingConstructorAccessorImpl.newInstance(DelegatingConstructorAccessorImpl.java:45)at java.lang.reflect.Constructor.newInstance(Constructor.java:423)at com.mysql.jdbc.Util.handleNewInstance(Util.java:425)at com.mysql.jdbc.ConnectionImpl.getInstance(ConnectionImpl.java:386)at com.mysql.jdbc.NonRegisteringDriver.connect(NonRegisteringDriver.java:330)at org.hibernate.engine.jdbc.connections.internal.DriverConnectionCreator.makeConnection(DriverConnectionCreator.java:38)... 49 moreCaused by: java.net.ConnectException: Connection refused (Connection refused)at java.net.PlainSocketImpl.socketConnect(Native Method)at java.net.AbstractPlainSocketImpl.doConnect(AbstractPlainSocketImpl.java:350)at java.net.AbstractPlainSocketImpl.connectToAddress(AbstractPlainSocketImpl.java:206)at java.net.AbstractPlainSocketImpl.connect(AbstractPlainSocketImpl.java:188)at java.net.SocksSocketImpl.connect(SocksSocketImpl.java:392)at java.net.Socket.connect(Socket.java:589)at com.mysql.jdbc.StandardSocketFactory.connect(StandardSocketFactory.java:211)at com.mysql.jdbc.MysqlIO.<init>(MysqlIO.java:300)... 62 more]]>
            </full-stacktrace>
          </exception> <!-- org.hibernate.service.spi.ServiceException -->
          <reporter-output>
          </reporter-output>
        </test-method> <!-- testGroupCreation -->
        <test-method status="PASS" signature="logTestStop(java.lang.reflect.Method)[pri:0, instance:com.java4qa.addressbook.tests.GroupCreationTests@9a7504c]" name="logTestStop" is-config="true" duration-ms="1" started-at="2018-01-25T13:05:29Z" finished-at="2018-01-25T13:05:29Z">
          <params>
            <param index="0">
              <value>
                <![CDATA[public static void com.java4qa.addressbook.tests.GroupCreationTests.testGroupCreation(com.java4qa.addressbook.model.GroupData)]]>
              </value>
            </param>
          </params>
          <reporter-output>
          </reporter-output>
        </test-method> <!-- logTestStop -->
        <test-method status="SKIP" signature="logTestStart(java.lang.reflect.Method, [Ljava.lang.Object;)[pri:0, instance:com.java4qa.addressbook.tests.GroupCreationTests@9a7504c]" name="logTestStart" is-config="true" duration-ms="0" started-at="2018-01-25T13:05:29Z" finished-at="2018-01-25T13:05:29Z">
          <reporter-output>
          </reporter-output>
        </test-method> <!-- logTestStart -->
        <test-method status="SKIP" signature="testGroupCreation(com.java4qa.addressbook.model.GroupData)[pri:0, instance:com.java4qa.addressbook.tests.GroupCreationTests@9a7504c]" name="testGroupCreation" duration-ms="0" started-at="2018-01-25T13:05:29Z" data-provider="validGroupsFromJson" finished-at="2018-01-25T13:05:29Z">
          <exception class="org.hibernate.service.spi.ServiceException">
            <message>
              <![CDATA[Unable to create requested service [org.hibernate.engine.jdbc.env.spi.JdbcEnvironment]]]>
            </message>
            <full-stacktrace>
              <![CDATA[org.hibernate.service.spi.ServiceException: Unable to create requested service [org.hibernate.engine.jdbc.env.spi.JdbcEnvironment]at org.hibernate.service.internal.AbstractServiceRegistryImpl.createService(AbstractServiceRegistryImpl.java:271)at org.hibernate.service.internal.AbstractServiceRegistryImpl.initializeService(AbstractServiceRegistryImpl.java:233)at org.hibernate.service.internal.AbstractServiceRegistryImpl.getService(AbstractServiceRegistryImpl.java:210)at org.hibernate.engine.jdbc.internal.JdbcServicesImpl.configure(JdbcServicesImpl.java:51)at org.hibernate.boot.registry.internal.StandardServiceRegistryImpl.configureService(StandardServiceRegistryImpl.java:94)at org.hibernate.service.internal.AbstractServiceRegistryImpl.initializeService(AbstractServiceRegistryImpl.java:242)at org.hibernate.service.internal.AbstractServiceRegistryImpl.getService(AbstractServiceRegistryImpl.java:210)at org.hibernate.boot.model.process.spi.MetadataBuildingProcess.handleTypes(MetadataBuildingProcess.java:352)at org.hibernate.boot.model.process.spi.MetadataBuildingProcess.complete(MetadataBuildingProcess.java:111)at org.hibernate.boot.model.process.spi.MetadataBuildingProcess.build(MetadataBuildingProcess.java:83)at org.hibernate.boot.internal.MetadataBuilderImpl.build(MetadataBuilderImpl.java:418)at org.hibernate.boot.internal.MetadataBuilderImpl.build(MetadataBuilderImpl.java:87)at org.hibernate.boot.MetadataSources.buildMetadata(MetadataSources.java:179)at com.java4qa.addressbook.appmanager.DbHelper.<init>(DbHelper.java:28)at com.java4qa.addressbook.appmanager.ApplicationManager.init(ApplicationManager.java:36)at com.java4qa.addressbook.tests.TestBase.setUp(TestBase.java:37)at sun.reflect.NativeMethodAccessorImpl.invoke0(Native Method)at sun.reflect.NativeMethodAccessorImpl.invoke(NativeMethodAccessorImpl.java:62)at sun.reflect.DelegatingMethodAccessorImpl.invoke(DelegatingMethodAccessorImpl.java:43)at java.lang.reflect.Method.invoke(Method.java:498)at org.testng.internal.MethodInvocationHelper.invokeMethod(MethodInvocationHelper.java:124)at org.testng.internal.MethodInvocationHelper.invokeMethodConsideringTimeout(MethodInvocationHelper.java:59)at org.testng.internal.Invoker.invokeConfigurationMethod(Invoker.java:451)at org.testng.internal.Invoker.invokeConfigurations(Invoker.java:222)at org.testng.internal.Invoker.invokeConfigurations(Invoker.java:142)at org.testng.SuiteRunner.privateRun(SuiteRunner.java:401)at org.testng.SuiteRunner.run(SuiteRunner.java:364)at org.testng.SuiteRunnerWorker.runSuite(SuiteRunnerWorker.java:52)at org.testng.SuiteRunnerWorker.run(SuiteRunnerWorker.java:84)at org.testng.TestNG.runSuitesSequentially(TestNG.java:1187)at org.testng.TestNG.runSuitesLocally(TestNG.java:1116)at org.testng.TestNG.runSuites(TestNG.java:1028)at org.testng.TestNG.run(TestNG.java:996)at org.testng.IDEARemoteTestNG.run(IDEARemoteTestNG.java:72)at org.testng.RemoteTestNGStarter.main(RemoteTestNGStarter.java:123)Caused by: org.hibernate.exception.JDBCConnectionException: Error calling Driver#connectat org.hibernate.exception.internal.SQLStateConversionDelegate.convert(SQLStateConversionDelegate.java:115)at org.hibernate.engine.jdbc.connections.internal.BasicConnectionCreator$1$1.convert(BasicConnectionCreator.java:101)at org.hibernate.engine.jdbc.connections.internal.BasicConnectionCreator.convertSqlException(BasicConnectionCreator.java:123)at org.hibernate.engine.jdbc.connections.internal.DriverConnectionCreator.makeConnection(DriverConnectionCreator.java:41)at org.hibernate.engine.jdbc.connections.internal.BasicConnectionCreator.createConnection(BasicConnectionCreator.java:58)at org.hibernate.engine.jdbc.connections.internal.PooledConnections.addConnections(PooledConnections.java:123)at org.hibernate.engine.jdbc.connections.internal.PooledConnections.<init>(PooledConnections.java:42)at org.hibernate.engine.jdbc.connections.internal.PooledConnections.<init>(PooledConnections.java:20)at org.hibernate.engine.jdbc.connections.internal.PooledConnections$Builder.build(PooledConnections.java:161)at org.hibernate.engine.jdbc.connections.internal.DriverManagerConnectionProviderImpl.buildPool(DriverManagerConnectionProviderImpl.java:109)at org.hibernate.engine.jdbc.connections.internal.DriverManagerConnectionProviderImpl.configure(DriverManagerConnectionProviderImpl.java:72)at org.hibernate.boot.registry.internal.StandardServiceRegistryImpl.configureService(StandardServiceRegistryImpl.java:94)at org.hibernate.service.internal.AbstractServiceRegistryImpl.initializeService(AbstractServiceRegistryImpl.java:242)at org.hibernate.service.internal.AbstractServiceRegistryImpl.getService(AbstractServiceRegistryImpl.java:210)at org.hibernate.engine.jdbc.env.internal.JdbcEnvironmentInitiator.buildJdbcConnectionAccess(JdbcEnvironmentInitiator.java:145)at org.hibernate.engine.jdbc.env.internal.JdbcEnvironmentInitiator.initiateService(JdbcEnvironmentInitiator.java:66)at org.hibernate.engine.jdbc.env.internal.JdbcEnvironmentInitiator.initiateService(JdbcEnvironmentInitiator.java:35)at org.hibernate.boot.registry.internal.StandardServiceRegistryImpl.initiateService(StandardServiceRegistryImpl.java:88)at org.hibernate.service.internal.AbstractServiceRegistryImpl.createService(AbstractServiceRegistryImpl.java:259)... 34 moreCaused by: com.mysql.jdbc.exceptions.jdbc4.CommunicationsException: Communications link failureThe last packet sent successfully to the server was 0 milliseconds ago. The driver has not received any packets from the server.at sun.reflect.NativeConstructorAccessorImpl.newInstance0(Native Method)at sun.reflect.NativeConstructorAccessorImpl.newInstance(NativeConstructorAccessorImpl.java:62)at sun.reflect.DelegatingConstructorAccessorImpl.newInstance(DelegatingConstructorAccessorImpl.java:45)at java.lang.reflect.Constructor.newInstance(Constructor.java:423)at com.mysql.jdbc.Util.handleNewInstance(Util.java:425)at com.mysql.jdbc.SQLError.createCommunicationsException(SQLError.java:990)at com.mysql.jdbc.MysqlIO.<init>(MysqlIO.java:341)at com.mysql.jdbc.ConnectionImpl.coreConnect(ConnectionImpl.java:2186)at com.mysql.jdbc.ConnectionImpl.connectOneTryOnly(ConnectionImpl.java:2219)at com.mysql.jdbc.ConnectionImpl.createNewIO(ConnectionImpl.java:2014)at com.mysql.jdbc.ConnectionImpl.<init>(ConnectionImpl.java:776)at com.mysql.jdbc.JDBC4Connection.<init>(JDBC4Connection.java:47)at sun.reflect.NativeConstructorAccessorImpl.newInstance0(Native Method)at sun.reflect.NativeConstructorAccessorImpl.newInstance(NativeConstructorAccessorImpl.java:62)at sun.reflect.DelegatingConstructorAccessorImpl.newInstance(DelegatingConstructorAccessorImpl.java:45)at java.lang.reflect.Constructor.newInstance(Constructor.java:423)at com.mysql.jdbc.Util.handleNewInstance(Util.java:425)at com.mysql.jdbc.ConnectionImpl.getInstance(ConnectionImpl.java:386)at com.mysql.jdbc.NonRegisteringDriver.connect(NonRegisteringDriver.java:330)at org.hibernate.engine.jdbc.connections.internal.DriverConnectionCreator.makeConnection(DriverConnectionCreator.java:38)... 49 moreCaused by: java.net.ConnectException: Connection refused (Connection refused)at java.net.PlainSocketImpl.socketConnect(Native Method)at java.net.AbstractPlainSocketImpl.doConnect(AbstractPlainSocketImpl.java:350)at java.net.AbstractPlainSocketImpl.connectToAddress(AbstractPlainSocketImpl.java:206)at java.net.AbstractPlainSocketImpl.connect(AbstractPlainSocketImpl.java:188)at java.net.SocksSocketImpl.connect(SocksSocketImpl.java:392)at java.net.Socket.connect(Socket.java:589)at com.mysql.jdbc.StandardSocketFactory.connect(StandardSocketFactory.java:211)at com.mysql.jdbc.MysqlIO.<init>(MysqlIO.java:300)... 62 more]]>
            </full-stacktrace>
          </exception> <!-- org.hibernate.service.spi.ServiceException -->
          <reporter-output>
          </reporter-output>
        </test-method> <!-- testGroupCreation -->
        <test-method status="PASS" signature="logTestStop(java.lang.reflect.Method)[pri:0, instance:com.java4qa.addressbook.tests.GroupCreationTests@9a7504c]" name="logTestStop" is-config="true" duration-ms="0" started-at="2018-01-25T13:05:29Z" finished-at="2018-01-25T13:05:29Z">
          <params>
            <param index="0">
              <value>
                <![CDATA[public static void com.java4qa.addressbook.tests.GroupCreationTests.testGroupCreation(com.java4qa.addressbook.model.GroupData)]]>
              </value>
            </param>
          </params>
          <reporter-output>
          </reporter-output>
        </test-method> <!-- logTestStop -->
        <test-method status="PASS" signature="logTestStop(java.lang.reflect.Method)[pri:0, instance:com.java4qa.addressbook.tests.GroupCreationTests@9a7504c]" name="logTestStop" is-config="true" duration-ms="0" started-at="2018-01-25T13:05:29Z" finished-at="2018-01-25T13:05:29Z">
          <params>
            <param index="0">
              <value>
                <![CDATA[public static void com.java4qa.addressbook.tests.GroupCreationTests.testGroupCreation(com.java4qa.addressbook.model.GroupData)]]>
              </value>
            </param>
          </params>
          <reporter-output>
          </reporter-output>
        </test-method> <!-- logTestStop -->
        <test-method status="SKIP" signature="testGroupCreation(com.java4qa.addressbook.model.GroupData)[pri:0, instance:com.java4qa.addressbook.tests.GroupCreationTests@9a7504c]" name="testGroupCreation" duration-ms="0" started-at="2018-01-25T13:05:29Z" data-provider="validGroupsFromJson" finished-at="2018-01-25T13:05:29Z">
          <exception class="org.hibernate.service.spi.ServiceException">
            <message>
              <![CDATA[Unable to create requested service [org.hibernate.engine.jdbc.env.spi.JdbcEnvironment]]]>
            </message>
            <full-stacktrace>
              <![CDATA[org.hibernate.service.spi.ServiceException: Unable to create requested service [org.hibernate.engine.jdbc.env.spi.JdbcEnvironment]at org.hibernate.service.internal.AbstractServiceRegistryImpl.createService(AbstractServiceRegistryImpl.java:271)at org.hibernate.service.internal.AbstractServiceRegistryImpl.initializeService(AbstractServiceRegistryImpl.java:233)at org.hibernate.service.internal.AbstractServiceRegistryImpl.getService(AbstractServiceRegistryImpl.java:210)at org.hibernate.engine.jdbc.internal.JdbcServicesImpl.configure(JdbcServicesImpl.java:51)at org.hibernate.boot.registry.internal.StandardServiceRegistryImpl.configureService(StandardServiceRegistryImpl.java:94)at org.hibernate.service.internal.AbstractServiceRegistryImpl.initializeService(AbstractServiceRegistryImpl.java:242)at org.hibernate.service.internal.AbstractServiceRegistryImpl.getService(AbstractServiceRegistryImpl.java:210)at org.hibernate.boot.model.process.spi.MetadataBuildingProcess.handleTypes(MetadataBuildingProcess.java:352)at org.hibernate.boot.model.process.spi.MetadataBuildingProcess.complete(MetadataBuildingProcess.java:111)at org.hibernate.boot.model.process.spi.MetadataBuildingProcess.build(MetadataBuildingProcess.java:83)at org.hibernate.boot.internal.MetadataBuilderImpl.build(MetadataBuilderImpl.java:418)at org.hibernate.boot.internal.MetadataBuilderImpl.build(MetadataBuilderImpl.java:87)at org.hibernate.boot.MetadataSources.buildMetadata(MetadataSources.java:179)at com.java4qa.addressbook.appmanager.DbHelper.<init>(DbHelper.java:28)at com.java4qa.addressbook.appmanager.ApplicationManager.init(ApplicationManager.java:36)at com.java4qa.addressbook.tests.TestBase.setUp(TestBase.java:37)at sun.reflect.NativeMethodAccessorImpl.invoke0(Native Method)at sun.reflect.NativeMethodAccessorImpl.invoke(NativeMethodAccessorImpl.java:62)at sun.reflect.DelegatingMethodAccessorImpl.invoke(DelegatingMethodAccessorImpl.java:43)at java.lang.reflect.Method.invoke(Method.java:498)at org.testng.internal.MethodInvocationHelper.invokeMethod(MethodInvocationHelper.java:124)at org.testng.internal.MethodInvocationHelper.invokeMethodConsideringTimeout(MethodInvocationHelper.java:59)at org.testng.internal.Invoker.invokeConfigurationMethod(Invoker.java:451)at org.testng.internal.Invoker.invokeConfigurations(Invoker.java:222)at org.testng.internal.Invoker.invokeConfigurations(Invoker.java:142)at org.testng.SuiteRunner.privateRun(SuiteRunner.java:401)at org.testng.SuiteRunner.run(SuiteRunner.java:364)at org.testng.SuiteRunnerWorker.runSuite(SuiteRunnerWorker.java:52)at org.testng.SuiteRunnerWorker.run(SuiteRunnerWorker.java:84)at org.testng.TestNG.runSuitesSequentially(TestNG.java:1187)at org.testng.TestNG.runSuitesLocally(TestNG.java:1116)at org.testng.TestNG.runSuites(TestNG.java:1028)at org.testng.TestNG.run(TestNG.java:996)at org.testng.IDEARemoteTestNG.run(IDEARemoteTestNG.java:72)at org.testng.RemoteTestNGStarter.main(RemoteTestNGStarter.java:123)Caused by: org.hibernate.exception.JDBCConnectionException: Error calling Driver#connectat org.hibernate.exception.internal.SQLStateConversionDelegate.convert(SQLStateConversionDelegate.java:115)at org.hibernate.engine.jdbc.connections.internal.BasicConnectionCreator$1$1.convert(BasicConnectionCreator.java:101)at org.hibernate.engine.jdbc.connections.internal.BasicConnectionCreator.convertSqlException(BasicConnectionCreator.java:123)at org.hibernate.engine.jdbc.connections.internal.DriverConnectionCreator.makeConnection(DriverConnectionCreator.java:41)at org.hibernate.engine.jdbc.connections.internal.BasicConnectionCreator.createConnection(BasicConnectionCreator.java:58)at org.hibernate.engine.jdbc.connections.internal.PooledConnections.addConnections(PooledConnections.java:123)at org.hibernate.engine.jdbc.connections.internal.PooledConnections.<init>(PooledConnections.java:42)at org.hibernate.engine.jdbc.connections.internal.PooledConnections.<init>(PooledConnections.java:20)at org.hibernate.engine.jdbc.connections.internal.PooledConnections$Builder.build(PooledConnections.java:161)at org.hibernate.engine.jdbc.connections.internal.DriverManagerConnectionProviderImpl.buildPool(DriverManagerConnectionProviderImpl.java:109)at org.hibernate.engine.jdbc.connections.internal.DriverManagerConnectionProviderImpl.configure(DriverManagerConnectionProviderImpl.java:72)at org.hibernate.boot.registry.internal.StandardServiceRegistryImpl.configureService(StandardServiceRegistryImpl.java:94)at org.hibernate.service.internal.AbstractServiceRegistryImpl.initializeService(AbstractServiceRegistryImpl.java:242)at org.hibernate.service.internal.AbstractServiceRegistryImpl.getService(AbstractServiceRegistryImpl.java:210)at org.hibernate.engine.jdbc.env.internal.JdbcEnvironmentInitiator.buildJdbcConnectionAccess(JdbcEnvironmentInitiator.java:145)at org.hibernate.engine.jdbc.env.internal.JdbcEnvironmentInitiator.initiateService(JdbcEnvironmentInitiator.java:66)at org.hibernate.engine.jdbc.env.internal.JdbcEnvironmentInitiator.initiateService(JdbcEnvironmentInitiator.java:35)at org.hibernate.boot.registry.internal.StandardServiceRegistryImpl.initiateService(StandardServiceRegistryImpl.java:88)at org.hibernate.service.internal.AbstractServiceRegistryImpl.createService(AbstractServiceRegistryImpl.java:259)... 34 moreCaused by: com.mysql.jdbc.exceptions.jdbc4.CommunicationsException: Communications link failureThe last packet sent successfully to the server was 0 milliseconds ago. The driver has not received any packets from the server.at sun.reflect.NativeConstructorAccessorImpl.newInstance0(Native Method)at sun.reflect.NativeConstructorAccessorImpl.newInstance(NativeConstructorAccessorImpl.java:62)at sun.reflect.DelegatingConstructorAccessorImpl.newInstance(DelegatingConstructorAccessorImpl.java:45)at java.lang.reflect.Constructor.newInstance(Constructor.java:423)at com.mysql.jdbc.Util.handleNewInstance(Util.java:425)at com.mysql.jdbc.SQLError.createCommunicationsException(SQLError.java:990)at com.mysql.jdbc.MysqlIO.<init>(MysqlIO.java:341)at com.mysql.jdbc.ConnectionImpl.coreConnect(ConnectionImpl.java:2186)at com.mysql.jdbc.ConnectionImpl.connectOneTryOnly(ConnectionImpl.java:2219)at com.mysql.jdbc.ConnectionImpl.createNewIO(ConnectionImpl.java:2014)at com.mysql.jdbc.ConnectionImpl.<init>(ConnectionImpl.java:776)at com.mysql.jdbc.JDBC4Connection.<init>(JDBC4Connection.java:47)at sun.reflect.NativeConstructorAccessorImpl.newInstance0(Native Method)at sun.reflect.NativeConstructorAccessorImpl.newInstance(NativeConstructorAccessorImpl.java:62)at sun.reflect.DelegatingConstructorAccessorImpl.newInstance(DelegatingConstructorAccessorImpl.java:45)at java.lang.reflect.Constructor.newInstance(Constructor.java:423)at com.mysql.jdbc.Util.handleNewInstance(Util.java:425)at com.mysql.jdbc.ConnectionImpl.getInstance(ConnectionImpl.java:386)at com.mysql.jdbc.NonRegisteringDriver.connect(NonRegisteringDriver.java:330)at org.hibernate.engine.jdbc.connections.internal.DriverConnectionCreator.makeConnection(DriverConnectionCreator.java:38)... 49 moreCaused by: java.net.ConnectException: Connection refused (Connection refused)at java.net.PlainSocketImpl.socketConnect(Native Method)at java.net.AbstractPlainSocketImpl.doConnect(AbstractPlainSocketImpl.java:350)at java.net.AbstractPlainSocketImpl.connectToAddress(AbstractPlainSocketImpl.java:206)at java.net.AbstractPlainSocketImpl.connect(AbstractPlainSocketImpl.java:188)at java.net.SocksSocketImpl.connect(SocksSocketImpl.java:392)at java.net.Socket.connect(Socket.java:589)at com.mysql.jdbc.StandardSocketFactory.connect(StandardSocketFactory.java:211)at com.mysql.jdbc.MysqlIO.<init>(MysqlIO.java:300)... 62 more]]>
            </full-stacktrace>
          </exception> <!-- org.hibernate.service.spi.ServiceException -->
          <reporter-output>
          </reporter-output>
        </test-method> <!-- testGroupCreation -->
        <test-method status="SKIP" signature="logTestStart(java.lang.reflect.Method, [Ljava.lang.Object;)[pri:0, instance:com.java4qa.addressbook.tests.GroupCreationTests@9a7504c]" name="logTestStart" is-config="true" duration-ms="0" started-at="2018-01-25T13:05:29Z" finished-at="2018-01-25T13:05:29Z">
          <reporter-output>
          </reporter-output>
        </test-method> <!-- logTestStart -->
      </class> <!-- com.java4qa.addressbook.tests.GroupCreationTests -->
      <class name="com.java4qa.addressbook.tests.DbConnectionTest">
        <test-method status="SKIP" signature="testDbConnection()[pri:0, instance:com.java4qa.addressbook.tests.DbConnectionTest@3e57cd70]" name="testDbConnection" duration-ms="0" started-at="2018-01-25T13:05:29Z" finished-at="2018-01-25T13:05:29Z">
          <exception class="org.hibernate.service.spi.ServiceException">
            <message>
              <![CDATA[Unable to create requested service [org.hibernate.engine.jdbc.env.spi.JdbcEnvironment]]]>
            </message>
            <full-stacktrace>
              <![CDATA[org.hibernate.service.spi.ServiceException: Unable to create requested service [org.hibernate.engine.jdbc.env.spi.JdbcEnvironment]at org.hibernate.service.internal.AbstractServiceRegistryImpl.createService(AbstractServiceRegistryImpl.java:271)at org.hibernate.service.internal.AbstractServiceRegistryImpl.initializeService(AbstractServiceRegistryImpl.java:233)at org.hibernate.service.internal.AbstractServiceRegistryImpl.getService(AbstractServiceRegistryImpl.java:210)at org.hibernate.engine.jdbc.internal.JdbcServicesImpl.configure(JdbcServicesImpl.java:51)at org.hibernate.boot.registry.internal.StandardServiceRegistryImpl.configureService(StandardServiceRegistryImpl.java:94)at org.hibernate.service.internal.AbstractServiceRegistryImpl.initializeService(AbstractServiceRegistryImpl.java:242)at org.hibernate.service.internal.AbstractServiceRegistryImpl.getService(AbstractServiceRegistryImpl.java:210)at org.hibernate.boot.model.process.spi.MetadataBuildingProcess.handleTypes(MetadataBuildingProcess.java:352)at org.hibernate.boot.model.process.spi.MetadataBuildingProcess.complete(MetadataBuildingProcess.java:111)at org.hibernate.boot.model.process.spi.MetadataBuildingProcess.build(MetadataBuildingProcess.java:83)at org.hibernate.boot.internal.MetadataBuilderImpl.build(MetadataBuilderImpl.java:418)at org.hibernate.boot.internal.MetadataBuilderImpl.build(MetadataBuilderImpl.java:87)at org.hibernate.boot.MetadataSources.buildMetadata(MetadataSources.java:179)at com.java4qa.addressbook.appmanager.DbHelper.<init>(DbHelper.java:28)at com.java4qa.addressbook.appmanager.ApplicationManager.init(ApplicationManager.java:36)at com.java4qa.addressbook.tests.TestBase.setUp(TestBase.java:37)at sun.reflect.NativeMethodAccessorImpl.invoke0(Native Method)at sun.reflect.NativeMethodAccessorImpl.invoke(NativeMethodAccessorImpl.java:62)at sun.reflect.DelegatingMethodAccessorImpl.invoke(DelegatingMethodAccessorImpl.java:43)at java.lang.reflect.Method.invoke(Method.java:498)at org.testng.internal.MethodInvocationHelper.invokeMethod(MethodInvocationHelper.java:124)at org.testng.internal.MethodInvocationHelper.invokeMethodConsideringTimeout(MethodInvocationHelper.java:59)at org.testng.internal.Invoker.invokeConfigurationMethod(Invoker.java:451)at org.testng.internal.Invoker.invokeConfigurations(Invoker.java:222)at org.testng.internal.Invoker.invokeConfigurations(Invoker.java:142)at org.testng.SuiteRunner.privateRun(SuiteRunner.java:401)at org.testng.SuiteRunner.run(SuiteRunner.java:364)at org.testng.SuiteRunnerWorker.runSuite(SuiteRunnerWorker.java:52)at org.testng.SuiteRunnerWorker.run(SuiteRunnerWorker.java:84)at org.testng.TestNG.runSuitesSequentially(TestNG.java:1187)at org.testng.TestNG.runSuitesLocally(TestNG.java:1116)at org.testng.TestNG.runSuites(TestNG.java:1028)at org.testng.TestNG.run(TestNG.java:996)at org.testng.IDEARemoteTestNG.run(IDEARemoteTestNG.java:72)at org.testng.RemoteTestNGStarter.main(RemoteTestNGStarter.java:123)Caused by: org.hibernate.exception.JDBCConnectionException: Error calling Driver#connectat org.hibernate.exception.internal.SQLStateConversionDelegate.convert(SQLStateConversionDelegate.java:115)at org.hibernate.engine.jdbc.connections.internal.BasicConnectionCreator$1$1.convert(BasicConnectionCreator.java:101)at org.hibernate.engine.jdbc.connections.internal.BasicConnectionCreator.convertSqlException(BasicConnectionCreator.java:123)at org.hibernate.engine.jdbc.connections.internal.DriverConnectionCreator.makeConnection(DriverConnectionCreator.java:41)at org.hibernate.engine.jdbc.connections.internal.BasicConnectionCreator.createConnection(BasicConnectionCreator.java:58)at org.hibernate.engine.jdbc.connections.internal.PooledConnections.addConnections(PooledConnections.java:123)at org.hibernate.engine.jdbc.connections.internal.PooledConnections.<init>(PooledConnections.java:42)at org.hibernate.engine.jdbc.connections.internal.PooledConnections.<init>(PooledConnections.java:20)at org.hibernate.engine.jdbc.connections.internal.PooledConnections$Builder.build(PooledConnections.java:161)at org.hibernate.engine.jdbc.connections.internal.DriverManagerConnectionProviderImpl.buildPool(DriverManagerConnectionProviderImpl.java:109)at org.hibernate.engine.jdbc.connections.internal.DriverManagerConnectionProviderImpl.configure(DriverManagerConnectionProviderImpl.java:72)at org.hibernate.boot.registry.internal.StandardServiceRegistryImpl.configureService(StandardServiceRegistryImpl.java:94)at org.hibernate.service.internal.AbstractServiceRegistryImpl.initializeService(AbstractServiceRegistryImpl.java:242)at org.hibernate.service.internal.AbstractServiceRegistryImpl.getService(AbstractServiceRegistryImpl.java:210)at org.hibernate.engine.jdbc.env.internal.JdbcEnvironmentInitiator.buildJdbcConnectionAccess(JdbcEnvironmentInitiator.java:145)at org.hibernate.engine.jdbc.env.internal.JdbcEnvironmentInitiator.initiateService(JdbcEnvironmentInitiator.java:66)at org.hibernate.engine.jdbc.env.internal.JdbcEnvironmentInitiator.initiateService(JdbcEnvironmentInitiator.java:35)at org.hibernate.boot.registry.internal.StandardServiceRegistryImpl.initiateService(StandardServiceRegistryImpl.java:88)at org.hibernate.service.internal.AbstractServiceRegistryImpl.createService(AbstractServiceRegistryImpl.java:259)... 34 moreCaused by: com.mysql.jdbc.exceptions.jdbc4.CommunicationsException: Communications link failureThe last packet sent successfully to the server was 0 milliseconds ago. The driver has not received any packets from the server.at sun.reflect.NativeConstructorAccessorImpl.newInstance0(Native Method)at sun.reflect.NativeConstructorAccessorImpl.newInstance(NativeConstructorAccessorImpl.java:62)at sun.reflect.DelegatingConstructorAccessorImpl.newInstance(DelegatingConstructorAccessorImpl.java:45)at java.lang.reflect.Constructor.newInstance(Constructor.java:423)at com.mysql.jdbc.Util.handleNewInstance(Util.java:425)at com.mysql.jdbc.SQLError.createCommunicationsException(SQLError.java:990)at com.mysql.jdbc.MysqlIO.<init>(MysqlIO.java:341)at com.mysql.jdbc.ConnectionImpl.coreConnect(ConnectionImpl.java:2186)at com.mysql.jdbc.ConnectionImpl.connectOneTryOnly(ConnectionImpl.java:2219)at com.mysql.jdbc.ConnectionImpl.createNewIO(ConnectionImpl.java:2014)at com.mysql.jdbc.ConnectionImpl.<init>(ConnectionImpl.java:776)at com.mysql.jdbc.JDBC4Connection.<init>(JDBC4Connection.java:47)at sun.reflect.NativeConstructorAccessorImpl.newInstance0(Native Method)at sun.reflect.NativeConstructorAccessorImpl.newInstance(NativeConstructorAccessorImpl.java:62)at sun.reflect.DelegatingConstructorAccessorImpl.newInstance(DelegatingConstructorAccessorImpl.java:45)at java.lang.reflect.Constructor.newInstance(Constructor.java:423)at com.mysql.jdbc.Util.handleNewInstance(Util.java:425)at com.mysql.jdbc.ConnectionImpl.getInstance(ConnectionImpl.java:386)at com.mysql.jdbc.NonRegisteringDriver.connect(NonRegisteringDriver.java:330)at org.hibernate.engine.jdbc.connections.internal.DriverConnectionCreator.makeConnection(DriverConnectionCreator.java:38)... 49 moreCaused by: java.net.ConnectException: Connection refused (Connection refused)at java.net.PlainSocketImpl.socketConnect(Native Method)at java.net.AbstractPlainSocketImpl.doConnect(AbstractPlainSocketImpl.java:350)at java.net.AbstractPlainSocketImpl.connectToAddress(AbstractPlainSocketImpl.java:206)at java.net.AbstractPlainSocketImpl.connect(AbstractPlainSocketImpl.java:188)at java.net.SocksSocketImpl.connect(SocksSocketImpl.java:392)at java.net.Socket.connect(Socket.java:589)at com.mysql.jdbc.StandardSocketFactory.connect(StandardSocketFactory.java:211)at com.mysql.jdbc.MysqlIO.<init>(MysqlIO.java:300)... 62 more]]>
            </full-stacktrace>
          </exception> <!-- org.hibernate.service.spi.ServiceException -->
          <reporter-output>
          </reporter-output>
        </test-method> <!-- testDbConnection -->
      </class> <!-- com.java4qa.addressbook.tests.DbConnectionTest -->
      <class name="com.java4qa.addressbook.tests.ContactModificationTests">
        <test-method status="SKIP" signature="testContactModification()[pri:0, instance:com.java4qa.addressbook.tests.ContactModificationTests@1d8d30f7]" name="testContactModification" duration-ms="0" started-at="2018-01-25T13:05:29Z" finished-at="2018-01-25T13:05:29Z">
          <exception class="org.hibernate.service.spi.ServiceException">
            <message>
              <![CDATA[Unable to create requested service [org.hibernate.engine.jdbc.env.spi.JdbcEnvironment]]]>
            </message>
            <full-stacktrace>
              <![CDATA[org.hibernate.service.spi.ServiceException: Unable to create requested service [org.hibernate.engine.jdbc.env.spi.JdbcEnvironment]at org.hibernate.service.internal.AbstractServiceRegistryImpl.createService(AbstractServiceRegistryImpl.java:271)at org.hibernate.service.internal.AbstractServiceRegistryImpl.initializeService(AbstractServiceRegistryImpl.java:233)at org.hibernate.service.internal.AbstractServiceRegistryImpl.getService(AbstractServiceRegistryImpl.java:210)at org.hibernate.engine.jdbc.internal.JdbcServicesImpl.configure(JdbcServicesImpl.java:51)at org.hibernate.boot.registry.internal.StandardServiceRegistryImpl.configureService(StandardServiceRegistryImpl.java:94)at org.hibernate.service.internal.AbstractServiceRegistryImpl.initializeService(AbstractServiceRegistryImpl.java:242)at org.hibernate.service.internal.AbstractServiceRegistryImpl.getService(AbstractServiceRegistryImpl.java:210)at org.hibernate.boot.model.process.spi.MetadataBuildingProcess.handleTypes(MetadataBuildingProcess.java:352)at org.hibernate.boot.model.process.spi.MetadataBuildingProcess.complete(MetadataBuildingProcess.java:111)at org.hibernate.boot.model.process.spi.MetadataBuildingProcess.build(MetadataBuildingProcess.java:83)at org.hibernate.boot.internal.MetadataBuilderImpl.build(MetadataBuilderImpl.java:418)at org.hibernate.boot.internal.MetadataBuilderImpl.build(MetadataBuilderImpl.java:87)at org.hibernate.boot.MetadataSources.buildMetadata(MetadataSources.java:179)at com.java4qa.addressbook.appmanager.DbHelper.<init>(DbHelper.java:28)at com.java4qa.addressbook.appmanager.ApplicationManager.init(ApplicationManager.java:36)at com.java4qa.addressbook.tests.TestBase.setUp(TestBase.java:37)at sun.reflect.NativeMethodAccessorImpl.invoke0(Native Method)at sun.reflect.NativeMethodAccessorImpl.invoke(NativeMethodAccessorImpl.java:62)at sun.reflect.DelegatingMethodAccessorImpl.invoke(DelegatingMethodAccessorImpl.java:43)at java.lang.reflect.Method.invoke(Method.java:498)at org.testng.internal.MethodInvocationHelper.invokeMethod(MethodInvocationHelper.java:124)at org.testng.internal.MethodInvocationHelper.invokeMethodConsideringTimeout(MethodInvocationHelper.java:59)at org.testng.internal.Invoker.invokeConfigurationMethod(Invoker.java:451)at org.testng.internal.Invoker.invokeConfigurations(Invoker.java:222)at org.testng.internal.Invoker.invokeConfigurations(Invoker.java:142)at org.testng.SuiteRunner.privateRun(SuiteRunner.java:401)at org.testng.SuiteRunner.run(SuiteRunner.java:364)at org.testng.SuiteRunnerWorker.runSuite(SuiteRunnerWorker.java:52)at org.testng.SuiteRunnerWorker.run(SuiteRunnerWorker.java:84)at org.testng.TestNG.runSuitesSequentially(TestNG.java:1187)at org.testng.TestNG.runSuitesLocally(TestNG.java:1116)at org.testng.TestNG.runSuites(TestNG.java:1028)at org.testng.TestNG.run(TestNG.java:996)at org.testng.IDEARemoteTestNG.run(IDEARemoteTestNG.java:72)at org.testng.RemoteTestNGStarter.main(RemoteTestNGStarter.java:123)Caused by: org.hibernate.exception.JDBCConnectionException: Error calling Driver#connectat org.hibernate.exception.internal.SQLStateConversionDelegate.convert(SQLStateConversionDelegate.java:115)at org.hibernate.engine.jdbc.connections.internal.BasicConnectionCreator$1$1.convert(BasicConnectionCreator.java:101)at org.hibernate.engine.jdbc.connections.internal.BasicConnectionCreator.convertSqlException(BasicConnectionCreator.java:123)at org.hibernate.engine.jdbc.connections.internal.DriverConnectionCreator.makeConnection(DriverConnectionCreator.java:41)at org.hibernate.engine.jdbc.connections.internal.BasicConnectionCreator.createConnection(BasicConnectionCreator.java:58)at org.hibernate.engine.jdbc.connections.internal.PooledConnections.addConnections(PooledConnections.java:123)at org.hibernate.engine.jdbc.connections.internal.PooledConnections.<init>(PooledConnections.java:42)at org.hibernate.engine.jdbc.connections.internal.PooledConnections.<init>(PooledConnections.java:20)at org.hibernate.engine.jdbc.connections.internal.PooledConnections$Builder.build(PooledConnections.java:161)at org.hibernate.engine.jdbc.connections.internal.DriverManagerConnectionProviderImpl.buildPool(DriverManagerConnectionProviderImpl.java:109)at org.hibernate.engine.jdbc.connections.internal.DriverManagerConnectionProviderImpl.configure(DriverManagerConnectionProviderImpl.java:72)at org.hibernate.boot.registry.internal.StandardServiceRegistryImpl.configureService(StandardServiceRegistryImpl.java:94)at org.hibernate.service.internal.AbstractServiceRegistryImpl.initializeService(AbstractServiceRegistryImpl.java:242)at org.hibernate.service.internal.AbstractServiceRegistryImpl.getService(AbstractServiceRegistryImpl.java:210)at org.hibernate.engine.jdbc.env.internal.JdbcEnvironmentInitiator.buildJdbcConnectionAccess(JdbcEnvironmentInitiator.java:145)at org.hibernate.engine.jdbc.env.internal.JdbcEnvironmentInitiator.initiateService(JdbcEnvironmentInitiator.java:66)at org.hibernate.engine.jdbc.env.internal.JdbcEnvironmentInitiator.initiateService(JdbcEnvironmentInitiator.java:35)at org.hibernate.boot.registry.internal.StandardServiceRegistryImpl.initiateService(StandardServiceRegistryImpl.java:88)at org.hibernate.service.internal.AbstractServiceRegistryImpl.createService(AbstractServiceRegistryImpl.java:259)... 34 moreCaused by: com.mysql.jdbc.exceptions.jdbc4.CommunicationsException: Communications link failureThe last packet sent successfully to the server was 0 milliseconds ago. The driver has not received any packets from the server.at sun.reflect.NativeConstructorAccessorImpl.newInstance0(Native Method)at sun.reflect.NativeConstructorAccessorImpl.newInstance(NativeConstructorAccessorImpl.java:62)at sun.reflect.DelegatingConstructorAccessorImpl.newInstance(DelegatingConstructorAccessorImpl.java:45)at java.lang.reflect.Constructor.newInstance(Constructor.java:423)at com.mysql.jdbc.Util.handleNewInstance(Util.java:425)at com.mysql.jdbc.SQLError.createCommunicationsException(SQLError.java:990)at com.mysql.jdbc.MysqlIO.<init>(MysqlIO.java:341)at com.mysql.jdbc.ConnectionImpl.coreConnect(ConnectionImpl.java:2186)at com.mysql.jdbc.ConnectionImpl.connectOneTryOnly(ConnectionImpl.java:2219)at com.mysql.jdbc.ConnectionImpl.createNewIO(ConnectionImpl.java:2014)at com.mysql.jdbc.ConnectionImpl.<init>(ConnectionImpl.java:776)at com.mysql.jdbc.JDBC4Connection.<init>(JDBC4Connection.java:47)at sun.reflect.NativeConstructorAccessorImpl.newInstance0(Native Method)at sun.reflect.NativeConstructorAccessorImpl.newInstance(NativeConstructorAccessorImpl.java:62)at sun.reflect.DelegatingConstructorAccessorImpl.newInstance(DelegatingConstructorAccessorImpl.java:45)at java.lang.reflect.Constructor.newInstance(Constructor.java:423)at com.mysql.jdbc.Util.handleNewInstance(Util.java:425)at com.mysql.jdbc.ConnectionImpl.getInstance(ConnectionImpl.java:386)at com.mysql.jdbc.NonRegisteringDriver.connect(NonRegisteringDriver.java:330)at org.hibernate.engine.jdbc.connections.internal.DriverConnectionCreator.makeConnection(DriverConnectionCreator.java:38)... 49 moreCaused by: java.net.ConnectException: Connection refused (Connection refused)at java.net.PlainSocketImpl.socketConnect(Native Method)at java.net.AbstractPlainSocketImpl.doConnect(AbstractPlainSocketImpl.java:350)at java.net.AbstractPlainSocketImpl.connectToAddress(AbstractPlainSocketImpl.java:206)at java.net.AbstractPlainSocketImpl.connect(AbstractPlainSocketImpl.java:188)at java.net.SocksSocketImpl.connect(SocksSocketImpl.java:392)at java.net.Socket.connect(Socket.java:589)at com.mysql.jdbc.StandardSocketFactory.connect(StandardSocketFactory.java:211)at com.mysql.jdbc.MysqlIO.<init>(MysqlIO.java:300)... 62 more]]>
            </full-stacktrace>
          </exception> <!-- org.hibernate.service.spi.ServiceException -->
          <reporter-output>
          </reporter-output>
        </test-method> <!-- testContactModification -->
        <test-method status="SKIP" signature="logTestStart(java.lang.reflect.Method, [Ljava.lang.Object;)[pri:0, instance:com.java4qa.addressbook.tests.ContactModificationTests@1d8d30f7]" name="logTestStart" is-config="true" duration-ms="0" started-at="2018-01-25T13:05:29Z" finished-at="2018-01-25T13:05:29Z">
          <reporter-output>
          </reporter-output>
        </test-method> <!-- logTestStart -->
        <test-method status="SKIP" signature="ensurePreconditions()[pri:0, instance:com.java4qa.addressbook.tests.ContactModificationTests@1d8d30f7]" name="ensurePreconditions" is-config="true" duration-ms="0" started-at="2018-01-25T13:05:29Z" finished-at="2018-01-25T13:05:29Z">
          <reporter-output>
          </reporter-output>
        </test-method> <!-- ensurePreconditions -->
        <test-method status="PASS" signature="logTestStop(java.lang.reflect.Method)[pri:0, instance:com.java4qa.addressbook.tests.ContactModificationTests@1d8d30f7]" name="logTestStop" is-config="true" duration-ms="0" started-at="2018-01-25T13:05:29Z" finished-at="2018-01-25T13:05:29Z">
          <params>
            <param index="0">
              <value>
                <![CDATA[public void com.java4qa.addressbook.tests.ContactModificationTests.testContactModification()]]>
              </value>
            </param>
          </params>
          <reporter-output>
          </reporter-output>
        </test-method> <!-- logTestStop -->
      </class> <!-- com.java4qa.addressbook.tests.ContactModificationTests -->
      <class name="com.java4qa.addressbook.tests.ContactComparePhoneTests">
        <test-method status="SKIP" signature="logTestStart(java.lang.reflect.Method, [Ljava.lang.Object;)[pri:0, instance:com.java4qa.addressbook.tests.ContactComparePhoneTests@436e852b]" name="logTestStart" is-config="true" duration-ms="0" started-at="2018-01-25T13:05:29Z" finished-at="2018-01-25T13:05:29Z">
          <reporter-output>
          </reporter-output>
        </test-method> <!-- logTestStart -->
        <test-method status="PASS" signature="logTestStop(java.lang.reflect.Method)[pri:0, instance:com.java4qa.addressbook.tests.ContactComparePhoneTests@436e852b]" name="logTestStop" is-config="true" duration-ms="0" started-at="2018-01-25T13:05:29Z" finished-at="2018-01-25T13:05:29Z">
          <params>
            <param index="0">
              <value>
                <![CDATA[public void com.java4qa.addressbook.tests.ContactComparePhoneTests.testContactPhones()]]>
              </value>
            </param>
          </params>
          <reporter-output>
          </reporter-output>
        </test-method> <!-- logTestStop -->
        <test-method status="SKIP" signature="testContactPhones()[pri:0, instance:com.java4qa.addressbook.tests.ContactComparePhoneTests@436e852b]" name="testContactPhones" duration-ms="0" started-at="2018-01-25T13:05:29Z" finished-at="2018-01-25T13:05:29Z">
          <exception class="org.hibernate.service.spi.ServiceException">
            <message>
              <![CDATA[Unable to create requested service [org.hibernate.engine.jdbc.env.spi.JdbcEnvironment]]]>
            </message>
            <full-stacktrace>
              <![CDATA[org.hibernate.service.spi.ServiceException: Unable to create requested service [org.hibernate.engine.jdbc.env.spi.JdbcEnvironment]at org.hibernate.service.internal.AbstractServiceRegistryImpl.createService(AbstractServiceRegistryImpl.java:271)at org.hibernate.service.internal.AbstractServiceRegistryImpl.initializeService(AbstractServiceRegistryImpl.java:233)at org.hibernate.service.internal.AbstractServiceRegistryImpl.getService(AbstractServiceRegistryImpl.java:210)at org.hibernate.engine.jdbc.internal.JdbcServicesImpl.configure(JdbcServicesImpl.java:51)at org.hibernate.boot.registry.internal.StandardServiceRegistryImpl.configureService(StandardServiceRegistryImpl.java:94)at org.hibernate.service.internal.AbstractServiceRegistryImpl.initializeService(AbstractServiceRegistryImpl.java:242)at org.hibernate.service.internal.AbstractServiceRegistryImpl.getService(AbstractServiceRegistryImpl.java:210)at org.hibernate.boot.model.process.spi.MetadataBuildingProcess.handleTypes(MetadataBuildingProcess.java:352)at org.hibernate.boot.model.process.spi.MetadataBuildingProcess.complete(MetadataBuildingProcess.java:111)at org.hibernate.boot.model.process.spi.MetadataBuildingProcess.build(MetadataBuildingProcess.java:83)at org.hibernate.boot.internal.MetadataBuilderImpl.build(MetadataBuilderImpl.java:418)at org.hibernate.boot.internal.MetadataBuilderImpl.build(MetadataBuilderImpl.java:87)at org.hibernate.boot.MetadataSources.buildMetadata(MetadataSources.java:179)at com.java4qa.addressbook.appmanager.DbHelper.<init>(DbHelper.java:28)at com.java4qa.addressbook.appmanager.ApplicationManager.init(ApplicationManager.java:36)at com.java4qa.addressbook.tests.TestBase.setUp(TestBase.java:37)at sun.reflect.NativeMethodAccessorImpl.invoke0(Native Method)at sun.reflect.NativeMethodAccessorImpl.invoke(NativeMethodAccessorImpl.java:62)at sun.reflect.DelegatingMethodAccessorImpl.invoke(DelegatingMethodAccessorImpl.java:43)at java.lang.reflect.Method.invoke(Method.java:498)at org.testng.internal.MethodInvocationHelper.invokeMethod(MethodInvocationHelper.java:124)at org.testng.internal.MethodInvocationHelper.invokeMethodConsideringTimeout(MethodInvocationHelper.java:59)at org.testng.internal.Invoker.invokeConfigurationMethod(Invoker.java:451)at org.testng.internal.Invoker.invokeConfigurations(Invoker.java:222)at org.testng.internal.Invoker.invokeConfigurations(Invoker.java:142)at org.testng.SuiteRunner.privateRun(SuiteRunner.java:401)at org.testng.SuiteRunner.run(SuiteRunner.java:364)at org.testng.SuiteRunnerWorker.runSuite(SuiteRunnerWorker.java:52)at org.testng.SuiteRunnerWorker.run(SuiteRunnerWorker.java:84)at org.testng.TestNG.runSuitesSequentially(TestNG.java:1187)at org.testng.TestNG.runSuitesLocally(TestNG.java:1116)at org.testng.TestNG.runSuites(TestNG.java:1028)at org.testng.TestNG.run(TestNG.java:996)at org.testng.IDEARemoteTestNG.run(IDEARemoteTestNG.java:72)at org.testng.RemoteTestNGStarter.main(RemoteTestNGStarter.java:123)Caused by: org.hibernate.exception.JDBCConnectionException: Error calling Driver#connectat org.hibernate.exception.internal.SQLStateConversionDelegate.convert(SQLStateConversionDelegate.java:115)at org.hibernate.engine.jdbc.connections.internal.BasicConnectionCreator$1$1.convert(BasicConnectionCreator.java:101)at org.hibernate.engine.jdbc.connections.internal.BasicConnectionCreator.convertSqlException(BasicConnectionCreator.java:123)at org.hibernate.engine.jdbc.connections.internal.DriverConnectionCreator.makeConnection(DriverConnectionCreator.java:41)at org.hibernate.engine.jdbc.connections.internal.BasicConnectionCreator.createConnection(BasicConnectionCreator.java:58)at org.hibernate.engine.jdbc.connections.internal.PooledConnections.addConnections(PooledConnections.java:123)at org.hibernate.engine.jdbc.connections.internal.PooledConnections.<init>(PooledConnections.java:42)at org.hibernate.engine.jdbc.connections.internal.PooledConnections.<init>(PooledConnections.java:20)at org.hibernate.engine.jdbc.connections.internal.PooledConnections$Builder.build(PooledConnections.java:161)at org.hibernate.engine.jdbc.connections.internal.DriverManagerConnectionProviderImpl.buildPool(DriverManagerConnectionProviderImpl.java:109)at org.hibernate.engine.jdbc.connections.internal.DriverManagerConnectionProviderImpl.configure(DriverManagerConnectionProviderImpl.java:72)at org.hibernate.boot.registry.internal.StandardServiceRegistryImpl.configureService(StandardServiceRegistryImpl.java:94)at org.hibernate.service.internal.AbstractServiceRegistryImpl.initializeService(AbstractServiceRegistryImpl.java:242)at org.hibernate.service.internal.AbstractServiceRegistryImpl.getService(AbstractServiceRegistryImpl.java:210)at org.hibernate.engine.jdbc.env.internal.JdbcEnvironmentInitiator.buildJdbcConnectionAccess(JdbcEnvironmentInitiator.java:145)at org.hibernate.engine.jdbc.env.internal.JdbcEnvironmentInitiator.initiateService(JdbcEnvironmentInitiator.java:66)at org.hibernate.engine.jdbc.env.internal.JdbcEnvironmentInitiator.initiateService(JdbcEnvironmentInitiator.java:35)at org.hibernate.boot.registry.internal.StandardServiceRegistryImpl.initiateService(StandardServiceRegistryImpl.java:88)at org.hibernate.service.internal.AbstractServiceRegistryImpl.createService(AbstractServiceRegistryImpl.java:259)... 34 moreCaused by: com.mysql.jdbc.exceptions.jdbc4.CommunicationsException: Communications link failureThe last packet sent successfully to the server was 0 milliseconds ago. The driver has not received any packets from the server.at sun.reflect.NativeConstructorAccessorImpl.newInstance0(Native Method)at sun.reflect.NativeConstructorAccessorImpl.newInstance(NativeConstructorAccessorImpl.java:62)at sun.reflect.DelegatingConstructorAccessorImpl.newInstance(DelegatingConstructorAccessorImpl.java:45)at java.lang.reflect.Constructor.newInstance(Constructor.java:423)at com.mysql.jdbc.Util.handleNewInstance(Util.java:425)at com.mysql.jdbc.SQLError.createCommunicationsException(SQLError.java:990)at com.mysql.jdbc.MysqlIO.<init>(MysqlIO.java:341)at com.mysql.jdbc.ConnectionImpl.coreConnect(ConnectionImpl.java:2186)at com.mysql.jdbc.ConnectionImpl.connectOneTryOnly(ConnectionImpl.java:2219)at com.mysql.jdbc.ConnectionImpl.createNewIO(ConnectionImpl.java:2014)at com.mysql.jdbc.ConnectionImpl.<init>(ConnectionImpl.java:776)at com.mysql.jdbc.JDBC4Connection.<init>(JDBC4Connection.java:47)at sun.reflect.NativeConstructorAccessorImpl.newInstance0(Native Method)at sun.reflect.NativeConstructorAccessorImpl.newInstance(NativeConstructorAccessorImpl.java:62)at sun.reflect.DelegatingConstructorAccessorImpl.newInstance(DelegatingConstructorAccessorImpl.java:45)at java.lang.reflect.Constructor.newInstance(Constructor.java:423)at com.mysql.jdbc.Util.handleNewInstance(Util.java:425)at com.mysql.jdbc.ConnectionImpl.getInstance(ConnectionImpl.java:386)at com.mysql.jdbc.NonRegisteringDriver.connect(NonRegisteringDriver.java:330)at org.hibernate.engine.jdbc.connections.internal.DriverConnectionCreator.makeConnection(DriverConnectionCreator.java:38)... 49 moreCaused by: java.net.ConnectException: Connection refused (Connection refused)at java.net.PlainSocketImpl.socketConnect(Native Method)at java.net.AbstractPlainSocketImpl.doConnect(AbstractPlainSocketImpl.java:350)at java.net.AbstractPlainSocketImpl.connectToAddress(AbstractPlainSocketImpl.java:206)at java.net.AbstractPlainSocketImpl.connect(AbstractPlainSocketImpl.java:188)at java.net.SocksSocketImpl.connect(SocksSocketImpl.java:392)at java.net.Socket.connect(Socket.java:589)at com.mysql.jdbc.StandardSocketFactory.connect(StandardSocketFactory.java:211)at com.mysql.jdbc.MysqlIO.<init>(MysqlIO.java:300)... 62 more]]>
            </full-stacktrace>
          </exception> <!-- org.hibernate.service.spi.ServiceException -->
          <reporter-output>
          </reporter-output>
        </test-method> <!-- testContactPhones -->
        <test-method status="SKIP" signature="ensurePreconditions()[pri:0, instance:com.java4qa.addressbook.tests.ContactComparePhoneTests@436e852b]" name="ensurePreconditions" is-config="true" duration-ms="0" started-at="2018-01-25T13:05:29Z" finished-at="2018-01-25T13:05:29Z">
          <reporter-output>
          </reporter-output>
        </test-method> <!-- ensurePreconditions -->
      </class> <!-- com.java4qa.addressbook.tests.ContactComparePhoneTests -->
      <class name="com.java4qa.addressbook.tests.GroupDeletionTests">
        <test-method status="SKIP" signature="testGroupDeletion()[pri:0, instance:com.java4qa.addressbook.tests.GroupDeletionTests@2c039ac6]" name="testGroupDeletion" duration-ms="0" started-at="2018-01-25T13:05:29Z" finished-at="2018-01-25T13:05:29Z">
          <exception class="org.hibernate.service.spi.ServiceException">
            <message>
              <![CDATA[Unable to create requested service [org.hibernate.engine.jdbc.env.spi.JdbcEnvironment]]]>
            </message>
            <full-stacktrace>
              <![CDATA[org.hibernate.service.spi.ServiceException: Unable to create requested service [org.hibernate.engine.jdbc.env.spi.JdbcEnvironment]at org.hibernate.service.internal.AbstractServiceRegistryImpl.createService(AbstractServiceRegistryImpl.java:271)at org.hibernate.service.internal.AbstractServiceRegistryImpl.initializeService(AbstractServiceRegistryImpl.java:233)at org.hibernate.service.internal.AbstractServiceRegistryImpl.getService(AbstractServiceRegistryImpl.java:210)at org.hibernate.engine.jdbc.internal.JdbcServicesImpl.configure(JdbcServicesImpl.java:51)at org.hibernate.boot.registry.internal.StandardServiceRegistryImpl.configureService(StandardServiceRegistryImpl.java:94)at org.hibernate.service.internal.AbstractServiceRegistryImpl.initializeService(AbstractServiceRegistryImpl.java:242)at org.hibernate.service.internal.AbstractServiceRegistryImpl.getService(AbstractServiceRegistryImpl.java:210)at org.hibernate.boot.model.process.spi.MetadataBuildingProcess.handleTypes(MetadataBuildingProcess.java:352)at org.hibernate.boot.model.process.spi.MetadataBuildingProcess.complete(MetadataBuildingProcess.java:111)at org.hibernate.boot.model.process.spi.MetadataBuildingProcess.build(MetadataBuildingProcess.java:83)at org.hibernate.boot.internal.MetadataBuilderImpl.build(MetadataBuilderImpl.java:418)at org.hibernate.boot.internal.MetadataBuilderImpl.build(MetadataBuilderImpl.java:87)at org.hibernate.boot.MetadataSources.buildMetadata(MetadataSources.java:179)at com.java4qa.addressbook.appmanager.DbHelper.<init>(DbHelper.java:28)at com.java4qa.addressbook.appmanager.ApplicationManager.init(ApplicationManager.java:36)at com.java4qa.addressbook.tests.TestBase.setUp(TestBase.java:37)at sun.reflect.NativeMethodAccessorImpl.invoke0(Native Method)at sun.reflect.NativeMethodAccessorImpl.invoke(NativeMethodAccessorImpl.java:62)at sun.reflect.DelegatingMethodAccessorImpl.invoke(DelegatingMethodAccessorImpl.java:43)at java.lang.reflect.Method.invoke(Method.java:498)at org.testng.internal.MethodInvocationHelper.invokeMethod(MethodInvocationHelper.java:124)at org.testng.internal.MethodInvocationHelper.invokeMethodConsideringTimeout(MethodInvocationHelper.java:59)at org.testng.internal.Invoker.invokeConfigurationMethod(Invoker.java:451)at org.testng.internal.Invoker.invokeConfigurations(Invoker.java:222)at org.testng.internal.Invoker.invokeConfigurations(Invoker.java:142)at org.testng.SuiteRunner.privateRun(SuiteRunner.java:401)at org.testng.SuiteRunner.run(SuiteRunner.java:364)at org.testng.SuiteRunnerWorker.runSuite(SuiteRunnerWorker.java:52)at org.testng.SuiteRunnerWorker.run(SuiteRunnerWorker.java:84)at org.testng.TestNG.runSuitesSequentially(TestNG.java:1187)at org.testng.TestNG.runSuitesLocally(TestNG.java:1116)at org.testng.TestNG.runSuites(TestNG.java:1028)at org.testng.TestNG.run(TestNG.java:996)at org.testng.IDEARemoteTestNG.run(IDEARemoteTestNG.java:72)at org.testng.RemoteTestNGStarter.main(RemoteTestNGStarter.java:123)Caused by: org.hibernate.exception.JDBCConnectionException: Error calling Driver#connectat org.hibernate.exception.internal.SQLStateConversionDelegate.convert(SQLStateConversionDelegate.java:115)at org.hibernate.engine.jdbc.connections.internal.BasicConnectionCreator$1$1.convert(BasicConnectionCreator.java:101)at org.hibernate.engine.jdbc.connections.internal.BasicConnectionCreator.convertSqlException(BasicConnectionCreator.java:123)at org.hibernate.engine.jdbc.connections.internal.DriverConnectionCreator.makeConnection(DriverConnectionCreator.java:41)at org.hibernate.engine.jdbc.connections.internal.BasicConnectionCreator.createConnection(BasicConnectionCreator.java:58)at org.hibernate.engine.jdbc.connections.internal.PooledConnections.addConnections(PooledConnections.java:123)at org.hibernate.engine.jdbc.connections.internal.PooledConnections.<init>(PooledConnections.java:42)at org.hibernate.engine.jdbc.connections.internal.PooledConnections.<init>(PooledConnections.java:20)at org.hibernate.engine.jdbc.connections.internal.PooledConnections$Builder.build(PooledConnections.java:161)at org.hibernate.engine.jdbc.connections.internal.DriverManagerConnectionProviderImpl.buildPool(DriverManagerConnectionProviderImpl.java:109)at org.hibernate.engine.jdbc.connections.internal.DriverManagerConnectionProviderImpl.configure(DriverManagerConnectionProviderImpl.java:72)at org.hibernate.boot.registry.internal.StandardServiceRegistryImpl.configureService(StandardServiceRegistryImpl.java:94)at org.hibernate.service.internal.AbstractServiceRegistryImpl.initializeService(AbstractServiceRegistryImpl.java:242)at org.hibernate.service.internal.AbstractServiceRegistryImpl.getService(AbstractServiceRegistryImpl.java:210)at org.hibernate.engine.jdbc.env.internal.JdbcEnvironmentInitiator.buildJdbcConnectionAccess(JdbcEnvironmentInitiator.java:145)at org.hibernate.engine.jdbc.env.internal.JdbcEnvironmentInitiator.initiateService(JdbcEnvironmentInitiator.java:66)at org.hibernate.engine.jdbc.env.internal.JdbcEnvironmentInitiator.initiateService(JdbcEnvironmentInitiator.java:35)at org.hibernate.boot.registry.internal.StandardServiceRegistryImpl.initiateService(StandardServiceRegistryImpl.java:88)at org.hibernate.service.internal.AbstractServiceRegistryImpl.createService(AbstractServiceRegistryImpl.java:259)... 34 moreCaused by: com.mysql.jdbc.exceptions.jdbc4.CommunicationsException: Communications link failureThe last packet sent successfully to the server was 0 milliseconds ago. The driver has not received any packets from the server.at sun.reflect.NativeConstructorAccessorImpl.newInstance0(Native Method)at sun.reflect.NativeConstructorAccessorImpl.newInstance(NativeConstructorAccessorImpl.java:62)at sun.reflect.DelegatingConstructorAccessorImpl.newInstance(DelegatingConstructorAccessorImpl.java:45)at java.lang.reflect.Constructor.newInstance(Constructor.java:423)at com.mysql.jdbc.Util.handleNewInstance(Util.java:425)at com.mysql.jdbc.SQLError.createCommunicationsException(SQLError.java:990)at com.mysql.jdbc.MysqlIO.<init>(MysqlIO.java:341)at com.mysql.jdbc.ConnectionImpl.coreConnect(ConnectionImpl.java:2186)at com.mysql.jdbc.ConnectionImpl.connectOneTryOnly(ConnectionImpl.java:2219)at com.mysql.jdbc.ConnectionImpl.createNewIO(ConnectionImpl.java:2014)at com.mysql.jdbc.ConnectionImpl.<init>(ConnectionImpl.java:776)at com.mysql.jdbc.JDBC4Connection.<init>(JDBC4Connection.java:47)at sun.reflect.NativeConstructorAccessorImpl.newInstance0(Native Method)at sun.reflect.NativeConstructorAccessorImpl.newInstance(NativeConstructorAccessorImpl.java:62)at sun.reflect.DelegatingConstructorAccessorImpl.newInstance(DelegatingConstructorAccessorImpl.java:45)at java.lang.reflect.Constructor.newInstance(Constructor.java:423)at com.mysql.jdbc.Util.handleNewInstance(Util.java:425)at com.mysql.jdbc.ConnectionImpl.getInstance(ConnectionImpl.java:386)at com.mysql.jdbc.NonRegisteringDriver.connect(NonRegisteringDriver.java:330)at org.hibernate.engine.jdbc.connections.internal.DriverConnectionCreator.makeConnection(DriverConnectionCreator.java:38)... 49 moreCaused by: java.net.ConnectException: Connection refused (Connection refused)at java.net.PlainSocketImpl.socketConnect(Native Method)at java.net.AbstractPlainSocketImpl.doConnect(AbstractPlainSocketImpl.java:350)at java.net.AbstractPlainSocketImpl.connectToAddress(AbstractPlainSocketImpl.java:206)at java.net.AbstractPlainSocketImpl.connect(AbstractPlainSocketImpl.java:188)at java.net.SocksSocketImpl.connect(SocksSocketImpl.java:392)at java.net.Socket.connect(Socket.java:589)at com.mysql.jdbc.StandardSocketFactory.connect(StandardSocketFactory.java:211)at com.mysql.jdbc.MysqlIO.<init>(MysqlIO.java:300)... 62 more]]>
            </full-stacktrace>
          </exception> <!-- org.hibernate.service.spi.ServiceException -->
          <reporter-output>
          </reporter-output>
        </test-method> <!-- testGroupDeletion -->
        <test-method status="PASS" signature="logTestStop(java.lang.reflect.Method)[pri:0, instance:com.java4qa.addressbook.tests.GroupDeletionTests@2c039ac6]" name="logTestStop" is-config="true" duration-ms="1" started-at="2018-01-25T13:05:29Z" finished-at="2018-01-25T13:05:29Z">
          <params>
            <param index="0">
              <value>
                <![CDATA[public void com.java4qa.addressbook.tests.GroupDeletionTests.testGroupDeletion()]]>
              </value>
            </param>
          </params>
          <reporter-output>
          </reporter-output>
        </test-method> <!-- logTestStop -->
        <test-method status="SKIP" signature="ensurePreconditions()[pri:0, instance:com.java4qa.addressbook.tests.GroupDeletionTests@2c039ac6]" name="ensurePreconditions" is-config="true" duration-ms="0" started-at="2018-01-25T13:05:29Z" finished-at="2018-01-25T13:05:29Z">
          <reporter-output>
          </reporter-output>
        </test-method> <!-- ensurePreconditions -->
        <test-method status="SKIP" signature="logTestStart(java.lang.reflect.Method, [Ljava.lang.Object;)[pri:0, instance:com.java4qa.addressbook.tests.GroupDeletionTests@2c039ac6]" name="logTestStart" is-config="true" duration-ms="0" started-at="2018-01-25T13:05:29Z" finished-at="2018-01-25T13:05:29Z">
          <reporter-output>
          </reporter-output>
        </test-method> <!-- logTestStart -->
      </class> <!-- com.java4qa.addressbook.tests.GroupDeletionTests -->
      <class name="com.java4qa.addressbook.tests.HbConnectionTest">
        <test-method status="SKIP" signature="setUp()[pri:0, instance:com.java4qa.addressbook.tests.HbConnectionTest@58c1670b]" name="setUp" is-config="true" duration-ms="0" started-at="2018-01-25T13:05:29Z" finished-at="2018-01-25T13:05:29Z">
          <reporter-output>
          </reporter-output>
        </test-method> <!-- setUp -->
        <test-method status="SKIP" signature="testHbConnectionToGroupList()[pri:0, instance:com.java4qa.addressbook.tests.HbConnectionTest@58c1670b]" name="testHbConnectionToGroupList" duration-ms="0" started-at="2018-01-25T13:05:29Z" finished-at="2018-01-25T13:05:29Z">
          <exception class="org.hibernate.service.spi.ServiceException">
            <message>
              <![CDATA[Unable to create requested service [org.hibernate.engine.jdbc.env.spi.JdbcEnvironment]]]>
            </message>
            <full-stacktrace>
[...]
          <exception class="org.hibernate.service.spi.ServiceException">
            <message>
              <![CDATA[Unable to create requested service [org.hibernate.engine.jdbc.env.spi.JdbcEnvironment]]]>
            </message>
            <full-stacktrace>
              <![CDATA[org.hibernate.service.spi.ServiceException: Unable to create requested service [org.hibernate.engine.jdbc.env.spi.JdbcEnvironment]at org.hibernate.service.internal.AbstractServiceRegistryImpl.createService(AbstractServiceRegistryImpl.java:271)at org.hibernate.service.internal.AbstractServiceRegistryImpl.initializeService(AbstractServiceRegistryImpl.java:233)at org.hibernate.service.internal.AbstractServiceRegistryImpl.getService(AbstractServiceRegistryImpl.java:210)at org.hibernate.engine.jdbc.internal.JdbcServicesImpl.configure(JdbcServicesImpl.java:51)at org.hibernate.boot.registry.internal.StandardServiceRegistryImpl.configureService(StandardServiceRegistryImpl.java:94)at org.hibernate.service.internal.AbstractServiceRegistryImpl.initializeService(AbstractServiceRegistryImpl.java:242)at org.hibernate.service.internal.AbstractServiceRegistryImpl.getService(AbstractServiceRegistryImpl.java:210)at org.hibernate.boot.model.process.spi.MetadataBuildingProcess.handleTypes(MetadataBuildingProcess.java:352)at org.hibernate.boot.model.process.spi.MetadataBuildingProcess.complete(MetadataBuildingProcess.java:111)at org.hibernate.boot.model.process.spi.MetadataBuildingProcess.build(MetadataBuildingProcess.java:83)at org.hibernate.boot.internal.MetadataBuilderImpl.build(MetadataBuilderImpl.java:418)at org.hibernate.boot.internal.MetadataBuilderImpl.build(MetadataBuilderImpl.java:87)at org.hibernate.boot.MetadataSources.buildMetadata(MetadataSources.java:179)at com.java4qa.addressbook.appmanager.DbHelper.<init>(DbHelper.java:28)at com.java4qa.addressbook.appmanager.ApplicationManager.init(ApplicationManager.java:36)at com.java4qa.addressbook.tests.TestBase.setUp(TestBase.java:37)at sun.reflect.NativeMethodAccessorImpl.invoke0(Native Method)at sun.reflect.NativeMethodAccessorImpl.invoke(NativeMethodAccessorImpl.java:62)at sun.reflect.DelegatingMethodAccessorImpl.invoke(DelegatingMethodAccessorImpl.java:43)at java.lang.reflect.Method.invoke(Method.java:498)at org.testng.internal.MethodInvocationHelper.invokeMethod(MethodInvocationHelper.java:124)at org.testng.internal.MethodInvocationHelper.invokeMethodConsideringTimeout(MethodInvocationHelper.java:59)at org.testng.internal.Invoker.invokeConfigurationMethod(Invoker.java:451)at org.testng.internal.Invoker.invokeConfigurations(Invoker.java:222)at org.testng.internal.Invoker.invokeConfigurations(Invoker.java:142)at org.testng.SuiteRunner.privateRun(SuiteRunner.java:401)at org.testng.SuiteRunner.run(SuiteRunner.java:364)at org.testng.SuiteRunnerWorker.runSuite(SuiteRunnerWorker.java:52)at org.testng.SuiteRunnerWorker.run(SuiteRunnerWorker.java:84)at org.testng.TestNG.runSuitesSequentially(TestNG.java:1187)at org.testng.TestNG.runSuitesLocally(TestNG.java:1116)at org.testng.TestNG.runSuites(TestNG.java:1028)at org.testng.TestNG.run(TestNG.java:996)at org.testng.IDEARemoteTestNG.run(IDEARemoteTestNG.java:72)at org.testng.RemoteTestNGStarter.main(RemoteTestNGStarter.java:123)Caused by: org.hibernate.exception.JDBCConnectionException: Error calling Driver#connectat org.hibernate.exception.internal.SQLStateConversionDelegate.convert(SQLStateConversionDelegate.java:115)at org.hibernate.engine.jdbc.connections.internal.BasicConnectionCreator$1$1.convert(BasicConnectionCreator.java:101)at org.hibernate.engine.jdbc.connections.internal.BasicConnectionCreator.convertSqlException(BasicConnectionCreator.java:123)at org.hibernate.engine.jdbc.connections.internal.DriverConnectionCreator.makeConnection(DriverConnectionCreator.java:41)at org.hibernate.engine.jdbc.connections.internal.BasicConnectionCreator.createConnection(BasicConnectionCreator.java:58)at org.hibernate.engine.jdbc.connections.internal.PooledConnections.addConnections(PooledConnections.java:123)at org.hibernate.engine.jdbc.connections.internal.PooledConnections.<init>(PooledConnections.java:42)at org.hibernate.engine.jdbc.connections.internal.PooledConnections.<init>(PooledConnections.java:20)at org.hibernate.engine.jdbc.connections.internal.PooledConnections$Builder.build(PooledConnections.java:161)at org.hibernate.engine.jdbc.connections.internal.DriverManagerConnectionProviderImpl.buildPool(DriverManagerConnectionProviderImpl.java:109)at org.hibernate.engine.jdbc.connections.internal.DriverManagerConnectionProviderImpl.configure(DriverManagerConnectionProviderImpl.java:72)at org.hibernate.boot.registry.internal.StandardServiceRegistryImpl.configureService(StandardServiceRegistryImpl.java:94)at org.hibernate.service.internal.AbstractServiceRegistryImpl.initializeService(AbstractServiceRegistryImpl.java:242)at org.hibernate.service.internal.AbstractServiceRegistryImpl.getService(AbstractServiceRegistryImpl.java:210)at org.hibernate.engine.jdbc.env.internal.JdbcEnvironmentInitiator.buildJdbcConnectionAccess(JdbcEnvironmentInitiator.java:145)at org.hibernate.engine.jdbc.env.internal.JdbcEnvironmentInitiator.initiateService(JdbcEnvironmentInitiator.java:66)at org.hibernate.engine.jdbc.env.internal.JdbcEnvironmentInitiator.initiateService(JdbcEnvironmentInitiator.java:35)at org.hibernate.boot.registry.internal.StandardServiceRegistryImpl.initiateService(StandardServiceRegistryImpl.java:88)at org.hibernate.service.internal.AbstractServiceRegistryImpl.createService(AbstractServiceRegistryImpl.java:259)... 34 moreCaused by: com.mysql.jdbc.exceptions.jdbc4.CommunicationsException: Communications link failureThe last packet sent successfully to the server was 0 milliseconds ago. The driver has not received any packets from the server.at sun.reflect.NativeConstructorAccessorImpl.newInstance0(Native Method)at sun.reflect.NativeConstructorAccessorImpl.newInstance(NativeConstructorAccessorImpl.java:62)at sun.reflect.DelegatingConstructorAccessorImpl.newInstance(DelegatingConstructorAccessorImpl.java:45)at java.lang.reflect.Constructor.newInstance(Constructor.java:423)at com.mysql.jdbc.Util.handleNewInstance(Util.java:425)at com.mysql.jdbc.SQLError.createCommunicationsException(SQLError.java:990)at com.mysql.jdbc.MysqlIO.<init>(MysqlIO.java:341)at com.mysql.jdbc.ConnectionImpl.coreConnect(ConnectionImpl.java:2186)at com.mysql.jdbc.ConnectionImpl.connectOneTryOnly(ConnectionImpl.java:2219)at com.mysql.jdbc.ConnectionImpl.createNewIO(ConnectionImpl.java:2014)at com.mysql.jdbc.ConnectionImpl.<init>(ConnectionImpl.java:776)at com.mysql.jdbc.JDBC4Connection.<init>(JDBC4Connection.java:47)at sun.reflect.NativeConstructorAccessorImpl.newInstance0(Native Method)at sun.reflect.NativeConstructorAccessorImpl.newInstance(NativeConstructorAccessorImpl.java:62)at sun.reflect.DelegatingConstructorAccessorImpl.newInstance(DelegatingConstructorAccessorImpl.java:45)at java.lang.reflect.Constructor.newInstance(Constructor.java:423)at com.mysql.jdbc.Util.handleNewInstance(Util.java:425)at com.mysql.jdbc.ConnectionImpl.getInstance(ConnectionImpl.java:386)at com.mysql.jdbc.NonRegisteringDriver.connect(NonRegisteringDriver.java:330)at org.hibernate.engine.jdbc.connections.internal.DriverConnectionCreator.makeConnection(DriverConnectionCreator.java:38)... 49 moreCaused by: java.net.ConnectException: Connection refused (Connection refused)at java.net.PlainSocketImpl.socketConnect(Native Method)at java.net.AbstractPlainSocketImpl.doConnect(AbstractPlainSocketImpl.java:350)at java.net.AbstractPlainSocketImpl.connectToAddress(AbstractPlainSocketImpl.java:206)at java.net.AbstractPlainSocketImpl.connect(AbstractPlainSocketImpl.java:188)at java.net.SocksSocketImpl.connect(SocksSocketImpl.java:392)at java.net.Socket.connect(Socket.java:589)at com.mysql.jdbc.StandardSocketFactory.connect(StandardSocketFactory.java:211)at com.mysql.jdbc.MysqlIO.<init>(MysqlIO.java:300)... 62 more]]>
            </full-stacktrace>
          </exception> <!-- org.hibernate.service.spi.ServiceException -->
          <reporter-output>
          </reporter-output>
        </test-method> <!-- testContactDeletion -->
        <test-method status="SKIP" signature="ensurePreconditions()[pri:0, instance:com.java4qa.addressbook.tests.ContactDeletionTests@32d2fa64]" name="ensurePreconditions" is-config="true" duration-ms="0" started-at="2018-01-25T13:05:29Z" finished-at="2018-01-25T13:05:29Z">
          <reporter-output>
          </reporter-output>
        </test-method> <!-- ensurePreconditions -->
        <test-method status="SKIP" signature="logTestStart(java.lang.reflect.Method, [Ljava.lang.Object;)[pri:0, instance:com.java4qa.addressbook.tests.ContactDeletionTests@32d2fa64]" name="logTestStart" is-config="true" duration-ms="0" started-at="2018-01-25T13:05:29Z" finished-at="2018-01-25T13:05:29Z">
          <reporter-output>
          </reporter-output>
        </test-method> <!-- logTestStart -->
        <test-method status="PASS" signature="logTestStop(java.lang.reflect.Method)[pri:0, instance:com.java4qa.addressbook.tests.ContactDeletionTests@32d2fa64]" name="logTestStop" is-config="true" duration-ms="0" started-at="2018-01-25T13:05:29Z" finished-at="2018-01-25T13:05:29Z">
          <params>
            <param index="0">
              <value>
                <![CDATA[public void com.java4qa.addressbook.tests.ContactDeletionTests.testContactDeletion()]]>
              </value>
            </param>
          </params>
          <reporter-output>
          </reporter-output>
        </test-method> <!-- logTestStop -->
      </class> <!-- com.java4qa.addressbook.tests.ContactDeletionTests -->
      <class name="com.java4qa.addressbook.tests.GroupModificationTests">
        <test-method status="SKIP" signature="logTestStart(java.lang.reflect.Method, [Ljava.lang.Object;)[pri:0, instance:com.java4qa.addressbook.tests.GroupModificationTests@587d1d39]" name="logTestStart" is-config="true" duration-ms="0" started-at="2018-01-25T13:05:29Z" finished-at="2018-01-25T13:05:29Z">
          <reporter-output>
          </reporter-output>
        </test-method> <!-- logTestStart -->
        <test-method status="SKIP" signature="ensurePreconditions()[pri:0, instance:com.java4qa.addressbook.tests.GroupModificationTests@587d1d39]" name="ensurePreconditions" is-config="true" duration-ms="0" started-at="2018-01-25T13:05:29Z" finished-at="2018-01-25T13:05:29Z">
          <reporter-output>
          </reporter-output>
        </test-method> <!-- ensurePreconditions -->
        <test-method status="SKIP" signature="testGroupModification()[pri:0, instance:com.java4qa.addressbook.tests.GroupModificationTests@587d1d39]" name="testGroupModification" duration-ms="0" started-at="2018-01-25T13:05:29Z" finished-at="2018-01-25T13:05:29Z">
          <exception class="org.hibernate.service.spi.ServiceException">
            <message>
              <![CDATA[Unable to create requested service [org.hibernate.engine.jdbc.env.spi.JdbcEnvironment]]]>
            </message>
            <full-stacktrace>
              <![CDATA[org.hibernate.service.spi.ServiceException: Unable to create requested service [org.hibernate.engine.jdbc.env.spi.JdbcEnvironment]at org.hibernate.service.internal.AbstractServiceRegistryImpl.createService(AbstractServiceRegistryImpl.java:271)at org.hibernate.service.internal.AbstractServiceRegistryImpl.initializeService(AbstractServiceRegistryImpl.java:233)at org.hibernate.service.internal.AbstractServiceRegistryImpl.getService(AbstractServiceRegistryImpl.java:210)at org.hibernate.engine.jdbc.internal.JdbcServicesImpl.configure(JdbcServicesImpl.java:51)at org.hibernate.boot.registry.internal.StandardServiceRegistryImpl.configureService(StandardServiceRegistryImpl.java:94)at org.hibernate.service.internal.AbstractServiceRegistryImpl.initializeService(AbstractServiceRegistryImpl.java:242)at org.hibernate.service.internal.AbstractServiceRegistryImpl.getService(AbstractServiceRegistryImpl.java:210)at org.hibernate.boot.model.process.spi.MetadataBuildingProcess.handleTypes(MetadataBuildingProcess.java:352)at org.hibernate.boot.model.process.spi.MetadataBuildingProcess.complete(MetadataBuildingProcess.java:111)at org.hibernate.boot.model.process.spi.MetadataBuildingProcess.build(MetadataBuildingProcess.java:83)at org.hibernate.boot.internal.MetadataBuilderImpl.build(MetadataBuilderImpl.java:418)at org.hibernate.boot.internal.MetadataBuilderImpl.build(MetadataBuilderImpl.java:87)at org.hibernate.boot.MetadataSources.buildMetadata(MetadataSources.java:179)at com.java4qa.addressbook.appmanager.DbHelper.<init>(DbHelper.java:28)at com.java4qa.addressbook.appmanager.ApplicationManager.init(ApplicationManager.java:36)at com.java4qa.addressbook.tests.TestBase.setUp(TestBase.java:37)at sun.reflect.NativeMethodAccessorImpl.invoke0(Native Method)at sun.reflect.NativeMethodAccessorImpl.invoke(NativeMethodAccessorImpl.java:62)at sun.reflect.DelegatingMethodAccessorImpl.invoke(DelegatingMethodAccessorImpl.java:43)at java.lang.reflect.Method.invoke(Method.java:498)at org.testng.internal.MethodInvocationHelper.invokeMethod(MethodInvocationHelper.java:124)at org.testng.internal.MethodInvocationHelper.invokeMethodConsideringTimeout(MethodInvocationHelper.java:59)at org.testng.internal.Invoker.invokeConfigurationMethod(Invoker.java:451)at org.testng.internal.Invoker.invokeConfigurations(Invoker.java:222)at org.testng.internal.Invoker.invokeConfigurations(Invoker.java:142)at org.testng.SuiteRunner.privateRun(SuiteRunner.java:401)at org.testng.SuiteRunner.run(SuiteRunner.java:364)at org.testng.SuiteRunnerWorker.runSuite(SuiteRunnerWorker.java:52)at org.testng.SuiteRunnerWorker.run(SuiteRunnerWorker.java:84)at org.testng.TestNG.runSuitesSequentially(TestNG.java:1187)at org.testng.TestNG.runSuitesLocally(TestNG.java:1116)at org.testng.TestNG.runSuites(TestNG.java:1028)at org.testng.TestNG.run(TestNG.java:996)at org.testng.IDEARemoteTestNG.run(IDEARemoteTestNG.java:72)at org.testng.RemoteTestNGStarter.main(RemoteTestNGStarter.java:123)Caused by: org.hibernate.exception.JDBCConnectionException: Error calling Driver#connectat org.hibernate.exception.internal.SQLStateConversionDelegate.convert(SQLStateConversionDelegate.java:115)at org.hibernate.engine.jdbc.connections.internal.BasicConnectionCreator$1$1.convert(BasicConnectionCreator.java:101)at org.hibernate.engine.jdbc.connections.internal.BasicConnectionCreator.convertSqlException(BasicConnectionCreator.java:123)at org.hibernate.engine.jdbc.connections.internal.DriverConnectionCreator.makeConnection(DriverConnectionCreator.java:41)at org.hibernate.engine.jdbc.connections.internal.BasicConnectionCreator.createConnection(BasicConnectionCreator.java:58)at org.hibernate.engine.jdbc.connections.internal.PooledConnections.addConnections(PooledConnections.java:123)at org.hibernate.engine.jdbc.connections.internal.PooledConnections.<init>(PooledConnections.java:42)at org.hibernate.engine.jdbc.connections.internal.PooledConnections.<init>(PooledConnections.java:20)at org.hibernate.engine.jdbc.connections.internal.PooledConnections$Builder.build(PooledConnections.java:161)at org.hibernate.engine.jdbc.connections.internal.DriverManagerConnectionProviderImpl.buildPool(DriverManagerConnectionProviderImpl.java:109)at org.hibernate.engine.jdbc.connections.internal.DriverManagerConnectionProviderImpl.configure(DriverManagerConnectionProviderImpl.java:72)at org.hibernate.boot.registry.internal.StandardServiceRegistryImpl.configureService(StandardServiceRegistryImpl.java:94)at org.hibernate.service.internal.AbstractServiceRegistryImpl.initializeService(AbstractServiceRegistryImpl.java:242)at org.hibernate.service.internal.AbstractServiceRegistryImpl.getService(AbstractServiceRegistryImpl.java:210)at org.hibernate.engine.jdbc.env.internal.JdbcEnvironmentInitiator.buildJdbcConnectionAccess(JdbcEnvironmentInitiator.java:145)at org.hibernate.engine.jdbc.env.internal.JdbcEnvironmentInitiator.initiateService(JdbcEnvironmentInitiator.java:66)at org.hibernate.engine.jdbc.env.internal.JdbcEnvironmentInitiator.initiateService(JdbcEnvironmentInitiator.java:35)at org.hibernate.boot.registry.internal.StandardServiceRegistryImpl.initiateService(StandardServiceRegistryImpl.java:88)at org.hibernate.service.internal.AbstractServiceRegistryImpl.createService(AbstractServiceRegistryImpl.java:259)... 34 moreCaused by: com.mysql.jdbc.exceptions.jdbc4.CommunicationsException: Communications link failureThe last packet sent successfully to the server was 0 milliseconds ago. The driver has not received any packets from the server.at sun.reflect.NativeConstructorAccessorImpl.newInstance0(Native Method)at sun.reflect.NativeConstructorAccessorImpl.newInstance(NativeConstructorAccessorImpl.java:62)at sun.reflect.DelegatingConstructorAccessorImpl.newInstance(DelegatingConstructorAccessorImpl.java:45)at java.lang.reflect.Constructor.newInstance(Constructor.java:423)at com.mysql.jdbc.Util.handleNewInstance(Util.java:425)at com.mysql.jdbc.SQLError.createCommunicationsException(SQLError.java:990)at com.mysql.jdbc.MysqlIO.<init>(MysqlIO.java:341)at com.mysql.jdbc.ConnectionImpl.coreConnect(ConnectionImpl.java:2186)at com.mysql.jdbc.ConnectionImpl.connectOneTryOnly(ConnectionImpl.java:2219)at com.mysql.jdbc.ConnectionImpl.createNewIO(ConnectionImpl.java:2014)at com.mysql.jdbc.ConnectionImpl.<init>(ConnectionImpl.java:776)at com.mysql.jdbc.JDBC4Connection.<init>(JDBC4Connection.java:47)at sun.reflect.NativeConstructorAccessorImpl.newInstance0(Native Method)at sun.reflect.NativeConstructorAccessorImpl.newInstance(NativeConstructorAccessorImpl.java:62)at sun.reflect.DelegatingConstructorAccessorImpl.newInstance(DelegatingConstructorAccessorImpl.java:45)at java.lang.reflect.Constructor.newInstance(Constructor.java:423)at com.mysql.jdbc.Util.handleNewInstance(Util.java:425)at com.mysql.jdbc.ConnectionImpl.getInstance(ConnectionImpl.java:386)at com.mysql.jdbc.NonRegisteringDriver.connect(NonRegisteringDriver.java:330)at org.hibernate.engine.jdbc.connections.internal.DriverConnectionCreator.makeConnection(DriverConnectionCreator.java:38)... 49 moreCaused by: java.net.ConnectException: Connection refused (Connection refused)at java.net.PlainSocketImpl.socketConnect(Native Method)at java.net.AbstractPlainSocketImpl.doConnect(AbstractPlainSocketImpl.java:350)at java.net.AbstractPlainSocketImpl.connectToAddress(AbstractPlainSocketImpl.java:206)at java.net.AbstractPlainSocketImpl.connect(AbstractPlainSocketImpl.java:188)at java.net.SocksSocketImpl.connect(SocksSocketImpl.java:392)at java.net.Socket.connect(Socket.java:589)at com.mysql.jdbc.StandardSocketFactory.connect(StandardSocketFactory.java:211)at com.mysql.jdbc.MysqlIO.<init>(MysqlIO.java:300)... 62 more]]>
            </full-stacktrace>
          </exception> <!-- org.hibernate.service.spi.ServiceException -->
          <reporter-output>
          </reporter-output>
        </test-method> <!-- testGroupModification -->
        <test-method status="PASS" signature="logTestStop(java.lang.reflect.Method)[pri:0, instance:com.java4qa.addressbook.tests.GroupModificationTests@587d1d39]" name="logTestStop" is-config="true" duration-ms="0" started-at="2018-01-25T13:05:29Z" finished-at="2018-01-25T13:05:29Z">
          <params>
            <param index="0">
              <value>
                <![CDATA[public void com.java4qa.addressbook.tests.GroupModificationTests.testGroupModification()]]>
              </value>
            </param>
          </params>
          <reporter-output>
          </reporter-output>
        </test-method> <!-- logTestStop -->
      </class> <!-- com.java4qa.addressbook.tests.GroupModificationTests -->
    </test> <!-- java4qa -->
  </suite> <!-- Default Suite -->
</testng-results>
