<?xml version="1.0" encoding="UTF-8"?>
<!-- Generated by org.testng.reporters.JUnitXMLReporter -->
<testsuite hostname="Isakov-MBP.local" ignored="21" name="java4qa" tests="16" failures="0" timestamp="25 Jan 2018 11:05:30 GMT" time="0.289" errors="0">
  <testcase name="@BeforeSuite setUp" time="0.661" classname="com.java4qa.addressbook.tests.TestBase">
    <failure type="org.hibernate.service.spi.ServiceException" message="Unable to create requested service [org.hibernate.engine.jdbc.env.spi.JdbcEnvironment]">
      <![CDATA[org.hibernate.service.spi.ServiceException: Unable to create requested service [org.hibernate.engine.jdbc.env.spi.JdbcEnvironment]at org.hibernate.service.internal.AbstractServiceRegistryImpl.createService(AbstractServiceRegistryImpl.java:271)at org.hibernate.service.internal.AbstractServiceRegistryImpl.initializeService(AbstractServiceRegistryImpl.java:233)at org.hibernate.service.internal.AbstractServiceRegistryImpl.getService(AbstractServiceRegistryImpl.java:210)at org.hibernate.engine.jdbc.internal.JdbcServicesImpl.configure(JdbcServicesImpl.java:51)at org.hibernate.boot.registry.internal.StandardServiceRegistryImpl.configureService(StandardServiceRegistryImpl.java:94)at org.hibernate.service.internal.AbstractServiceRegistryImpl.initializeService(AbstractServiceRegistryImpl.java:242)at org.hibernate.service.internal.AbstractServiceRegistryImpl.getService(AbstractServiceRegistryImpl.java:210)at org.hibernate.boot.model.process.spi.MetadataBuildingProcess.handleTypes(MetadataBuildingProcess.java:352)at org.hibernate.boot.model.process.spi.MetadataBuildingProcess.complete(MetadataBuildingProcess.java:111)at org.hibernate.boot.model.process.spi.MetadataBuildingProcess.build(MetadataBuildingProcess.java:83)at org.hibernate.boot.internal.MetadataBuilderImpl.build(MetadataBuilderImpl.java:418)at org.hibernate.boot.internal.MetadataBuilderImpl.build(MetadataBuilderImpl.java:87)at org.hibernate.boot.MetadataSources.buildMetadata(MetadataSources.java:179)at com.java4qa.addressbook.appmanager.DbHelper.<init>(DbHelper.java:28)at com.java4qa.addressbook.appmanager.ApplicationManager.init(ApplicationManager.java:36)at com.java4qa.addressbook.tests.TestBase.setUp(TestBase.java:37)Caused by: org.hibernate.exception.JDBCConnectionException: Error calling Driver#connectat org.hibernate.exception.internal.SQLStateConversionDelegate.convert(SQLStateConversionDelegate.java:115)at org.hibernate.engine.jdbc.connections.internal.BasicConnectionCreator$1$1.convert(BasicConnectionCreator.java:101)at org.hibernate.engine.jdbc.connections.internal.BasicConnectionCreator.convertSqlException(BasicConnectionCreator.java:123)at org.hibernate.engine.jdbc.connections.internal.DriverConnectionCreator.makeConnection(DriverConnectionCreator.java:41)at org.hibernate.engine.jdbc.connections.internal.BasicConnectionCreator.createConnection(BasicConnectionCreator.java:58)at org.hibernate.engine.jdbc.connections.internal.PooledConnections.addConnections(PooledConnections.java:123)at org.hibernate.engine.jdbc.connections.internal.PooledConnections.<init>(PooledConnections.java:42)at org.hibernate.engine.jdbc.connections.internal.PooledConnections.<init>(PooledConnections.java:20)at org.hibernate.engine.jdbc.connections.internal.PooledConnections$Builder.build(PooledConnections.java:161)at org.hibernate.engine.jdbc.connections.internal.DriverManagerConnectionProviderImpl.buildPool(DriverManagerConnectionProviderImpl.java:109)at org.hibernate.engine.jdbc.connections.internal.DriverManagerConnectionProviderImpl.configure(DriverManagerConnectionProviderImpl.java:72)at org.hibernate.boot.registry.internal.StandardServiceRegistryImpl.configureService(StandardServiceRegistryImpl.java:94)at org.hibernate.service.internal.AbstractServiceRegistryImpl.initializeService(AbstractServiceRegistryImpl.java:242)at org.hibernate.service.internal.AbstractServiceRegistryImpl.getService(AbstractServiceRegistryImpl.java:210)at org.hibernate.engine.jdbc.env.internal.JdbcEnvironmentInitiator.buildJdbcConnectionAccess(JdbcEnvironmentInitiator.java:145)at org.hibernate.engine.jdbc.env.internal.JdbcEnvironmentInitiator.initiateService(JdbcEnvironmentInitiator.java:66)at org.hibernate.engine.jdbc.env.internal.JdbcEnvironmentInitiator.initiateService(JdbcEnvironmentInitiator.java:35)at org.hibernate.boot.registry.internal.StandardServiceRegistryImpl.initiateService(StandardServiceRegistryImpl.java:88)at org.hibernate.service.internal.AbstractServiceRegistryImpl.createService(AbstractServiceRegistryImpl.java:259)... 34 moreCaused by: com.mysql.jdbc.exceptions.jdbc4.CommunicationsException: Communications link failureThe last packet sent successfully to the server was 0 milliseconds ago. The driver has not received any packets from the server.at com.mysql.jdbc.Util.handleNewInstance(Util.java:425)at com.mysql.jdbc.SQLError.createCommunicationsException(SQLError.java:990)at com.mysql.jdbc.MysqlIO.<init>(MysqlIO.java:341)at com.mysql.jdbc.ConnectionImpl.coreConnect(ConnectionImpl.java:2186)at com.mysql.jdbc.ConnectionImpl.connectOneTryOnly(ConnectionImpl.java:2219)at com.mysql.jdbc.ConnectionImpl.createNewIO(ConnectionImpl.java:2014)at com.mysql.jdbc.ConnectionImpl.<init>(ConnectionImpl.java:776)at com.mysql.jdbc.JDBC4Connection.<init>(JDBC4Connection.java:47)at com.mysql.jdbc.Util.handleNewInstance(Util.java:425)at com.mysql.jdbc.ConnectionImpl.getInstance(ConnectionImpl.java:386)at com.mysql.jdbc.NonRegisteringDriver.connect(NonRegisteringDriver.java:330)at org.hibernate.engine.jdbc.connections.internal.DriverConnectionCreator.makeConnection(DriverConnectionCreator.java:38)... 49 moreCaused by: java.net.ConnectException: Connection refused (Connection refused)at java.net.PlainSocketImpl.socketConnect(Native Method)at java.net.AbstractPlainSocketImpl.doConnect(AbstractPlainSocketImpl.java:350)at java.net.AbstractPlainSocketImpl.connectToAddress(AbstractPlainSocketImpl.java:206)at java.net.AbstractPlainSocketImpl.connect(AbstractPlainSocketImpl.java:188)at java.net.SocksSocketImpl.connect(SocksSocketImpl.java:392)at java.net.Socket.connect(Socket.java:589)at com.mysql.jdbc.StandardSocketFactory.connect(StandardSocketFactory.java:211)at com.mysql.jdbc.MysqlIO.<init>(MysqlIO.java:300)... 62 more... Removed 27 stack frames]]>
    </failure>
  </testcase> <!-- @BeforeSuite setUp -->
  <testcase name="@BeforeTest ensureContactExisted" time="0.0" classname="com.java4qa.addressbook.tests.ContactAddToGroupTests">
    <skipped/>
  </testcase> <!-- @BeforeTest ensureContactExisted -->
  <testcase name="@BeforeTest ensureGroupExisted" time="0.0" classname="com.java4qa.addressbook.tests.ContactAddToGroupTests">
    <skipped/>
  </testcase> <!-- @BeforeTest ensureGroupExisted -->
  <testcase name="@BeforeTest preconditionEnsureThatOneGroupExisted" time="0.0" classname="com.java4qa.addressbook.tests.ContactCompareViewTests">
    <skipped/>
  </testcase> <!-- @BeforeTest preconditionEnsureThatOneGroupExisted -->
  <testcase name="@BeforeTest preconditionEnsureThatOneGroupExisted" time="0.0" classname="com.java4qa.addressbook.tests.ContactCreationTests">
    <skipped/>
  </testcase> <!-- @BeforeTest preconditionEnsureThatOneGroupExisted -->
  <testcase name="@BeforeMethod logTestStart" time="0.0" classname="com.java4qa.addressbook.tests.TestBase">
    <skipped/>
  </testcase> <!-- @BeforeMethod logTestStart -->
  <testcase name="@BeforeMethod logTestStart" time="0.0" classname="com.java4qa.addressbook.tests.TestBase">
    <skipped/>
  </testcase> <!-- @BeforeMethod logTestStart -->
  <testcase name="@BeforeMethod ensurePreconditions" time="0.0" classname="com.java4qa.addressbook.tests.ContactCompareEmailTests">
    <skipped/>
  </testcase> <!-- @BeforeMethod ensurePreconditions -->
  <testcase name="@BeforeMethod logTestStart" time="0.0" classname="com.java4qa.addressbook.tests.TestBase">
    <skipped/>
  </testcase> <!-- @BeforeMethod logTestStart -->
  <testcase name="@BeforeMethod logTestStart" time="0.0" classname="com.java4qa.addressbook.tests.TestBase">
    <skipped/>
  </testcase> <!-- @BeforeMethod logTestStart -->
  <testcase name="@BeforeMethod logTestStart" time="0.0" classname="com.java4qa.addressbook.tests.TestBase">
    <skipped/>
  </testcase> <!-- @BeforeMethod logTestStart -->
  <testcase name="@BeforeMethod ensurePreconditions" time="0.0" classname="com.java4qa.addressbook.tests.ContactComparePhoneTests">
    <skipped/>
  </testcase> <!-- @BeforeMethod ensurePreconditions -->
  <testcase name="@BeforeMethod logTestStart" time="0.0" classname="com.java4qa.addressbook.tests.TestBase">
    <skipped/>
  </testcase> <!-- @BeforeMethod logTestStart -->
  <testcase name="@BeforeMethod ensurePreconditions" time="0.0" classname="com.java4qa.addressbook.tests.ContactDeletionTests">
    <skipped/>
  </testcase> <!-- @BeforeMethod ensurePreconditions -->
  <testcase name="@BeforeMethod logTestStart" time="0.0" classname="com.java4qa.addressbook.tests.TestBase">
    <skipped/>
  </testcase> <!-- @BeforeMethod logTestStart -->
  <testcase name="@BeforeMethod ensurePreconditions" time="0.0" classname="com.java4qa.addressbook.tests.ContactModificationTests">
    <skipped/>
  </testcase> <!-- @BeforeMethod ensurePreconditions -->
  <testcase name="@BeforeMethod logTestStart" time="0.0" classname="com.java4qa.addressbook.tests.TestBase">
    <skipped/>
  </testcase> <!-- @BeforeMethod logTestStart -->
  <testcase name="@BeforeMethod logTestStart" time="0.0" classname="com.java4qa.addressbook.tests.TestBase">
    <skipped/>
  </testcase> <!-- @BeforeMethod logTestStart -->
  <testcase name="@BeforeMethod logTestStart" time="0.0" classname="com.java4qa.addressbook.tests.TestBase">
    <skipped/>
  </testcase> <!-- @BeforeMethod logTestStart -->
  <testcase name="@BeforeMethod logTestStart" time="0.0" classname="com.java4qa.addressbook.tests.TestBase">
    <skipped/>
  </testcase> <!-- @BeforeMethod logTestStart -->
  <testcase name="@BeforeMethod logTestStart" time="0.0" classname="com.java4qa.addressbook.tests.TestBase">
    <skipped/>
  </testcase> <!-- @BeforeMethod logTestStart -->
  <testcase name="@BeforeMethod ensurePreconditions" time="0.0" classname="com.java4qa.addressbook.tests.GroupDeletionTests">
    <skipped/>
  </testcase> <!-- @BeforeMethod ensurePreconditions -->
  <testcase name="@BeforeMethod logTestStart" time="0.0" classname="com.java4qa.addressbook.tests.TestBase">
    <skipped/>
  </testcase> <!-- @BeforeMethod logTestStart -->
  <testcase name="@BeforeMethod ensurePreconditions" time="0.0" classname="com.java4qa.addressbook.tests.GroupModificationTests">
    <skipped/>
  </testcase> <!-- @BeforeMethod ensurePreconditions -->
  <testcase name="@BeforeClass setUp" time="0.0" classname="com.java4qa.addressbook.tests.HbConnectionTest">
    <skipped/>
  </testcase> <!-- @BeforeClass setUp -->
  <testcase name="testContactAddToGroup" time="0.0" classname="com.java4qa.addressbook.tests.ContactAddToGroupTests">
    <skipped/>
  </testcase> <!-- testContactAddToGroup -->
  <testcase name="testContactEmail" time="0.0" classname="com.java4qa.addressbook.tests.ContactCompareEmailTests">
    <skipped/>
  </testcase> <!-- testContactEmail -->
  <testcase name="testContactCreationFull" time="0.0" classname="com.java4qa.addressbook.tests.ContactCreationTests">
    <skipped/>
  </testcase> <!-- testContactCreationFull -->
  <testcase name="testContactCreationFull" time="0.0" classname="com.java4qa.addressbook.tests.ContactCreationTests">
    <skipped/>
  </testcase> <!-- testContactCreationFull -->
  <testcase name="testContactPhones" time="0.0" classname="com.java4qa.addressbook.tests.ContactComparePhoneTests">
    <skipped/>
  </testcase> <!-- testContactPhones -->
  <testcase name="testContactDeletion" time="0.0" classname="com.java4qa.addressbook.tests.ContactDeletionTests">
    <skipped/>
  </testcase> <!-- testContactDeletion -->
  <testcase name="testContactModification" time="0.0" classname="com.java4qa.addressbook.tests.ContactModificationTests">
    <skipped/>
  </testcase> <!-- testContactModification -->
  <testcase name="testDbConnection" time="0.0" classname="com.java4qa.addressbook.tests.DbConnectionTest">
    <skipped/>
  </testcase> <!-- testDbConnection -->
  <testcase name="testBadGroupCreation" time="0.0" classname="com.java4qa.addressbook.tests.GroupCreationTests">
    <skipped/>
  </testcase> <!-- testBadGroupCreation -->
  <testcase name="testGroupCreation" time="0.0" classname="com.java4qa.addressbook.tests.GroupCreationTests">
    <skipped/>
  </testcase> <!-- testGroupCreation -->
  <testcase name="testGroupCreation" time="0.0" classname="com.java4qa.addressbook.tests.GroupCreationTests">
    <skipped/>
  </testcase> <!-- testGroupCreation -->
  <testcase name="testGroupCreation" time="0.0" classname="com.java4qa.addressbook.tests.GroupCreationTests">
    <skipped/>
  </testcase> <!-- testGroupCreation -->
  <testcase name="testGroupDeletion" time="0.0" classname="com.java4qa.addressbook.tests.GroupDeletionTests">
    <skipped/>
  </testcase> <!-- testGroupDeletion -->
  <testcase name="testGroupModification" time="0.0" classname="com.java4qa.addressbook.tests.GroupModificationTests">
    <skipped/>
  </testcase> <!-- testGroupModification -->
  <testcase name="testHbConnectionToAddressbook" time="0.0" classname="com.java4qa.addressbook.tests.HbConnectionTest">
    <skipped/>
  </testcase> <!-- testHbConnectionToAddressbook -->
  <testcase name="testHbConnectionToGroupList" time="0.0" classname="com.java4qa.addressbook.tests.HbConnectionTest">
    <skipped/>
  </testcase> <!-- testHbConnectionToGroupList -->
  <testcase name="testContactCompare" time="0.0" classname="com.java4qa.addressbook.tests.ContactCompareViewTests">
    <ignored/>
  </testcase> <!-- testContactCompare -->
  <testcase name="@BeforeSuite setUp" time="0.0" classname="com.java4qa.addressbook.tests.TestBase">
    <ignored/>
  </testcase> <!-- @BeforeSuite setUp -->
  <testcase name="@BeforeSuite setUp" time="0.0" classname="com.java4qa.addressbook.tests.TestBase">
    <ignored/>
  </testcase> <!-- @BeforeSuite setUp -->
  <testcase name="@BeforeSuite setUp" time="0.0" classname="com.java4qa.addressbook.tests.TestBase">
    <ignored/>
  </testcase> <!-- @BeforeSuite setUp -->
  <testcase name="@BeforeSuite setUp" time="0.0" classname="com.java4qa.addressbook.tests.TestBase">
    <ignored/>
  </testcase> <!-- @BeforeSuite setUp -->
  <testcase name="@BeforeSuite setUp" time="0.0" classname="com.java4qa.addressbook.tests.TestBase">
    <ignored/>
  </testcase> <!-- @BeforeSuite setUp -->
  <testcase name="@BeforeSuite setUp" time="0.0" classname="com.java4qa.addressbook.tests.TestBase">
    <ignored/>
  </testcase> <!-- @BeforeSuite setUp -->
  <testcase name="@BeforeSuite setUp" time="0.0" classname="com.java4qa.addressbook.tests.TestBase">
    <ignored/>
  </testcase> <!-- @BeforeSuite setUp -->
  <testcase name="@BeforeSuite setUp" time="0.0" classname="com.java4qa.addressbook.tests.TestBase">
    <ignored/>
  </testcase> <!-- @BeforeSuite setUp -->
  <testcase name="@BeforeSuite setUp" time="0.0" classname="com.java4qa.addressbook.tests.TestBase">
    <ignored/>
  </testcase> <!-- @BeforeSuite setUp -->
  <testcase name="@BeforeSuite setUp" time="0.0" classname="com.java4qa.addressbook.tests.TestBase">
    <ignored/>
  </testcase> <!-- @BeforeSuite setUp -->
  <testcase name="@AfterSuite tearDown" time="0.0" classname="com.java4qa.addressbook.tests.TestBase">
    <ignored/>
  </testcase> <!-- @AfterSuite tearDown -->
  <testcase name="@AfterSuite tearDown" time="0.0" classname="com.java4qa.addressbook.tests.TestBase">
    <ignored/>
  </testcase> <!-- @AfterSuite tearDown -->
  <testcase name="@AfterSuite tearDown" time="0.0" classname="com.java4qa.addressbook.tests.TestBase">
    <ignored/>
  </testcase> <!-- @AfterSuite tearDown -->
  <testcase name="@AfterSuite tearDown" time="0.0" classname="com.java4qa.addressbook.tests.TestBase">
    <ignored/>
  </testcase> <!-- @AfterSuite tearDown -->
  <testcase name="@AfterSuite tearDown" time="0.0" classname="com.java4qa.addressbook.tests.TestBase">
    <ignored/>
  </testcase> <!-- @AfterSuite tearDown -->
  <testcase name="@AfterSuite tearDown" time="0.0" classname="com.java4qa.addressbook.tests.TestBase">
    <ignored/>
  </testcase> <!-- @AfterSuite tearDown -->
  <testcase name="@AfterSuite tearDown" time="0.0" classname="com.java4qa.addressbook.tests.TestBase">
    <ignored/>
  </testcase> <!-- @AfterSuite tearDown -->
  <testcase name="@AfterSuite tearDown" time="0.0" classname="com.java4qa.addressbook.tests.TestBase">
    <ignored/>
  </testcase> <!-- @AfterSuite tearDown -->
  <testcase name="@AfterSuite tearDown" time="0.0" classname="com.java4qa.addressbook.tests.TestBase">
    <ignored/>
  </testcase> <!-- @AfterSuite tearDown -->
  <testcase name="@AfterSuite tearDown" time="0.0" classname="com.java4qa.addressbook.tests.TestBase">
    <ignored/>
  </testcase> <!-- @AfterSuite tearDown -->
</testsuite> <!-- java4qa -->
