<?xml version="1.0" encoding="UTF-8"?>
<!-- Generated by org.testng.reporters.JUnitXMLReporter -->
<testsuite hostname="Isakov-MBP.local" ignored="3" name="java4qa" tests="5" failures="0" timestamp="25 Jan 2018 11:03:09 GMT" time="9.234" errors="0">
  <testcase name="testNonPrime" time="0.011" classname="com.java4qa.sandbox.tests.PrimeTests"/>
  <testcase name="testPrime" time="6.094" classname="com.java4qa.sandbox.tests.PrimeTests"/>
  <testcase name="testPrimeFast" time="3.095" classname="com.java4qa.sandbox.tests.PrimeTests"/>
  <testcase name="testPrimeSuperFast" time="0.0" classname="com.java4qa.sandbox.tests.PrimeTests"/>
  <testcase name="testArea" time="0.002" classname="com.java4qa.sandbox.tests.SquareTests"/>
  <testcase name="testPrimeWhile" time="0.0" classname="com.java4qa.sandbox.tests.PrimeTests">
    <ignored/>
  </testcase> <!-- testPrimeWhile -->
  <testcase name="testPrimeLong" time="0.0" classname="com.java4qa.sandbox.tests.PrimeTests">
    <ignored/>
  </testcase> <!-- testPrimeLong -->
  <testcase name="testNonPrimeWhile" time="0.0" classname="com.java4qa.sandbox.tests.PrimeTests">
    <ignored/>
  </testcase> <!-- testNonPrimeWhile -->
</testsuite> <!-- java4qa -->
